TN:
SF:/opt/MagAOX/source/MagAOX/INDI/libcommon/IndiConnection.cpp
FN:37,_ZN3pcf14IndiConnectionC2Ev
FN:49,_ZN3pcf14IndiConnectionC2ERKNSt7__cxx1112basic_stringIcSt11char_traitsIcESaIcEEES8_S8_
FN:61,_ZN3pcf14IndiConnectionC2ERKS0_
FN:73,_ZN3pcf14IndiConnectionaSERKS0_
FN:84,_ZN3pcf14IndiConnectionD2Ev
FN:84,_ZN3pcf14IndiConnectionD0Ev
FN:109,_ZN3pcf14IndiConnection9constructERKNSt7__cxx1112basic_stringIcSt11char_traitsIcESaIcEEES8_S8_
FN:157,_ZN3pcf14IndiConnection13beforeExecuteEv
FN:166,_ZN3pcf14IndiConnection12afterExecuteEv
FN:175,_ZN3pcf14IndiConnection7executeEv
FN:185,_ZN3pcf14IndiConnection8activateEv
FN:201,_ZN3pcf14IndiConnection10deactivateEv
FN:220,_ZNK3pcf14IndiConnection8isActiveEv
FN:231,_ZN3pcf14IndiConnection19processIndiRequestsERKb
FN:253,_ZN3pcf14IndiConnection14pthreadProcessEPv
FN:281,_ZN3pcf14IndiConnection7processEv
FN:379,_ZNK3pcf14IndiConnection7sendXmlERKNSt7__cxx1112basic_stringIcSt11char_traitsIcESaIcEEE
FN:398,_ZNK3pcf14IndiConnection20isVerboseModeEnabledEv
FN:408,_ZN3pcf14IndiConnection17enableVerboseModeERKb
FN:418,_ZN3pcf14IndiConnection10setInputFdERKi
FN:428,_ZN3pcf14IndiConnection11setOutputFdERKi
FN:453,_ZN3pcf14IndiConnection7setNameERKNSt7__cxx1112basic_stringIcSt11char_traitsIcESaIcEEE
FN:463,_ZNK3pcf14IndiConnection7getNameB5cxx11Ev
FN:473,_ZN3pcf14IndiConnection10setVersionERKNSt7__cxx1112basic_stringIcSt11char_traitsIcESaIcEEE
FN:483,_ZNK3pcf14IndiConnection10getVersionB5cxx11Ev
FN:493,_ZN3pcf14IndiConnection18setProtocolVersionERKNSt7__cxx1112basic_stringIcSt11char_traitsIcESaIcEEE
FN:503,_ZNK3pcf14IndiConnection18getProtocolVersionB5cxx11Ev
FN:512,_ZN3pcf14IndiConnection11quitProcessEv
FNDA:0,_ZN3pcf14IndiConnection8activateEv
FNDA:0,_ZNK3pcf14IndiConnection7sendXmlERKNSt7__cxx1112basic_stringIcSt11char_traitsIcESaIcEEE
FNDA:1,_ZN3pcf14IndiConnectionC2ERKNSt7__cxx1112basic_stringIcSt11char_traitsIcESaIcEEES8_S8_
FNDA:1,_ZN3pcf14IndiConnectionD2Ev
FNDA:0,_ZN3pcf14IndiConnection10setInputFdERKi
FNDA:1,_ZNK3pcf14IndiConnection18getProtocolVersionB5cxx11Ev
FNDA:0,_ZN3pcf14IndiConnection12afterExecuteEv
FNDA:1,_ZNK3pcf14IndiConnection7getNameB5cxx11Ev
FNDA:0,_ZN3pcf14IndiConnection7processEv
FNDA:1,_ZN3pcf14IndiConnection18setProtocolVersionERKNSt7__cxx1112basic_stringIcSt11char_traitsIcESaIcEEE
FNDA:1,_ZN3pcf14IndiConnection9constructERKNSt7__cxx1112basic_stringIcSt11char_traitsIcESaIcEEES8_S8_
FNDA:0,_ZN3pcf14IndiConnectionD0Ev
FNDA:0,_ZN3pcf14IndiConnection14pthreadProcessEPv
FNDA:0,_ZN3pcf14IndiConnectionC2Ev
FNDA:0,_ZN3pcf14IndiConnection17enableVerboseModeERKb
FNDA:1,_ZN3pcf14IndiConnection7setNameERKNSt7__cxx1112basic_stringIcSt11char_traitsIcESaIcEEE
FNDA:1,_ZN3pcf14IndiConnection10deactivateEv
FNDA:0,_ZNK3pcf14IndiConnection20isVerboseModeEnabledEv
FNDA:1,_ZNK3pcf14IndiConnection8isActiveEv
FNDA:0,_ZN3pcf14IndiConnection11quitProcessEv
FNDA:0,_ZN3pcf14IndiConnection19processIndiRequestsERKb
FNDA:0,_ZN3pcf14IndiConnection13beforeExecuteEv
FNDA:0,_ZN3pcf14IndiConnectionC2ERKS0_
FNDA:1,_ZNK3pcf14IndiConnection10getVersionB5cxx11Ev
FNDA:0,_ZN3pcf14IndiConnectionaSERKS0_
FNDA:1,_ZN3pcf14IndiConnection11setOutputFdERKi
FNDA:0,_ZN3pcf14IndiConnection7executeEv
FNDA:1,_ZN3pcf14IndiConnection10setVersionERKNSt7__cxx1112basic_stringIcSt11char_traitsIcESaIcEEE
FNF:28
FNH:12
DA:37,0
DA:39,0
DA:40,0
DA:49,1
DA:51,1
DA:53,1
DA:54,1
DA:61,0
DA:65,0
DA:73,0
DA:77,0
DA:84,1
DA:88,1
DA:90,0
DA:93,0
DA:95,1
DA:97,0
DA:100,1
DA:109,1
DA:114,1
DA:117,1
DA:120,1
DA:123,1
DA:124,1
DA:132,1
DA:133,1
DA:134,1
DA:136,1
DA:141,1
DA:145,1
DA:148,1
DA:150,1
DA:157,0
DA:159,0
DA:166,0
DA:168,0
DA:175,0
DA:177,0
DA:185,0
DA:188,0
DA:189,0
DA:192,0
DA:193,0
DA:201,1
DA:203,1
DA:205,0
DA:206,0
DA:207,0
DA:209,0
DA:210,0
DA:213,1
DA:220,1
DA:222,1
DA:231,0
DA:233,0
DA:235,0
DA:239,0
DA:240,0
DA:243,0
DA:253,0
DA:256,0
DA:261,0
DA:263,0
DA:265,0
DA:266,0
DA:267,0
DA:269,0
DA:270,0
DA:273,0
DA:281,0
DA:284,0
DA:290,0
DA:293,0
DA:294,0
DA:298,0
DA:300,0
DA:303,0
DA:307,0
DA:308,0
DA:312,0
DA:315,0
DA:317,0
DA:319,0
DA:322,0
DA:327,0
DA:330,0
DA:331,0
DA:333,0
DA:335,0
DA:338,0
DA:343,0
DA:345,0
DA:347,0
DA:350,0
DA:351,0
DA:354,0
DA:360,0
DA:361,0
DA:362,0
DA:365,0
DA:367,0
DA:368,0
DA:370,0
DA:373,0
DA:379,0
DA:381,0
DA:383,0
DA:385,0
DA:388,0
DA:389,0
DA:391,0
DA:398,0
DA:400,0
DA:408,0
DA:410,0
DA:411,0
DA:418,0
DA:420,0
DA:421,0
DA:428,1
DA:430,1
DA:433,1
DA:435,0
DA:438,1
DA:440,1
DA:444,0
DA:446,1
DA:453,1
DA:455,1
DA:456,1
DA:463,1
DA:465,1
DA:473,1
DA:475,1
DA:476,1
DA:483,1
DA:485,1
DA:493,1
DA:495,1
DA:496,1
DA:503,1
DA:505,1
DA:512,0
DA:514,0
DA:515,0
LF:145
LH:48
end_of_record
TN:
SF:/opt/MagAOX/source/MagAOX/INDI/libcommon/IndiConnection.hpp
FN:123,_ZN3pcf14IndiConnection14getQuitProcessEv
FNDA:0,_ZN3pcf14IndiConnection14getQuitProcessEv
FNF:1
FNH:0
DA:123,0
DA:125,0
LF:2
LH:0
end_of_record
TN:
SF:/opt/MagAOX/source/MagAOX/INDI/libcommon/IndiElement.hpp
FN:241,_ZN3pcf11IndiElementC2IiEERKNSt7__cxx1112basic_stringIcSt11char_traitsIcESaIcEEERKT_
FN:252,_ZNK3pcf11IndiElement3getIiEET_v
FN:252,_ZNK3pcf11IndiElement3getINSt7__cxx1112basic_stringIcSt11char_traitsIcESaIcEEEEET_v
FN:252,_ZNK3pcf11IndiElement3getIlEET_v
FN:252,_ZNK3pcf11IndiElement3getIdEET_v
FN:281,_ZN3pcf11IndiElementaSImEERKT_S4_
FN:281,_ZN3pcf11IndiElementaSIdEERKT_S4_
FN:281,_ZN3pcf11IndiElementaSINSt7__cxx1112basic_stringIcSt11char_traitsIcESaIcEEEEERKT_SA_
FN:281,_ZN3pcf11IndiElementaSIfEERKT_S4_
FN:281,_ZN3pcf11IndiElementaSIA5_cEERKT_S5_
FN:281,_ZN3pcf11IndiElementaSIiEERKT_S4_
FN:281,_ZN3pcf11IndiElementaSItEERKT_S4_
FN:295,_ZN3pcf11IndiElement3setINS0_15SwitchStateTypeEEEvRKT_
FN:295,_ZN3pcf11IndiElement3setIjEEvRKT_
FN:295,_ZN3pcf11IndiElement3setIfEEvRKT_
FN:295,_ZN3pcf11IndiElement3setIlEEvRKT_
FN:295,_ZN3pcf11IndiElement3setINSt7__cxx1112basic_stringIcSt11char_traitsIcESaIcEEEEEvRKT_
FN:295,_ZN3pcf11IndiElement3setIdEEvRKT_
FN:295,_ZN3pcf11IndiElement3setIiEEvRKT_
FN:295,_ZN3pcf11IndiElement3setIA1_cEEvRKT_
FN:308,_ZN3pcf11IndiElement8setValueIdEEvRKT_
FN:308,_ZN3pcf11IndiElement8setValueIA2_cEEvRKT_
FN:321,_ZN3pcf11IndiElement6setMaxIdEEvRKT_
FN:321,_ZN3pcf11IndiElement6setMaxIfEEvRKT_
FN:321,_ZN3pcf11IndiElement6setMaxIiEEvRKT_
FN:321,_ZN3pcf11IndiElement6setMaxImEEvRKT_
FN:321,_ZN3pcf11IndiElement6setMaxIjEEvRKT_
FN:334,_ZN3pcf11IndiElement6setMinImEEvRKT_
FN:334,_ZN3pcf11IndiElement6setMinIjEEvRKT_
FN:334,_ZN3pcf11IndiElement6setMinIfEEvRKT_
FN:334,_ZN3pcf11IndiElement6setMinIdEEvRKT_
FN:334,_ZN3pcf11IndiElement6setMinIiEEvRKT_
FN:375,_ZN3pcf11IndiElement7setStepIdEEvRKT_
FN:375,_ZN3pcf11IndiElement7setStepImEEvRKT_
FN:375,_ZN3pcf11IndiElement7setStepIfEEvRKT_
FN:375,_ZN3pcf11IndiElement7setStepIjEEvRKT_
FN:375,_ZN3pcf11IndiElement7setStepIiEEvRKT_
FNDA:0,_ZN3pcf11IndiElementaSIdEERKT_S4_
FNDA:0,_ZNK3pcf11IndiElement3getINSt7__cxx1112basic_stringIcSt11char_traitsIcESaIcEEEEET_v
FNDA:0,_ZN3pcf11IndiElement3setIfEEvRKT_
FNDA:0,_ZNK3pcf11IndiElement3getIiEET_v
FNDA:0,_ZN3pcf11IndiElement6setMinImEEvRKT_
FNDA:0,_ZN3pcf11IndiElementaSINSt7__cxx1112basic_stringIcSt11char_traitsIcESaIcEEEEERKT_SA_
FNDA:0,_ZNK3pcf11IndiElement3getIlEET_v
FNDA:0,_ZN3pcf11IndiElement3setINS0_15SwitchStateTypeEEEvRKT_
FNDA:0,_ZN3pcf11IndiElement6setMaxIdEEvRKT_
FNDA:0,_ZN3pcf11IndiElement7setStepIdEEvRKT_
FNDA:0,_ZN3pcf11IndiElement6setMaxIfEEvRKT_
FNDA:0,_ZN3pcf11IndiElement3setIjEEvRKT_
FNDA:0,_ZN3pcf11IndiElementaSImEERKT_S4_
FNDA:28,_ZN3pcf11IndiElement8setValueIdEEvRKT_
FNDA:0,_ZN3pcf11IndiElement3setIiEEvRKT_
FNDA:18,_ZNK3pcf11IndiElement3getIdEET_v
FNDA:0,_ZN3pcf11IndiElement7setStepIjEEvRKT_
FNDA:0,_ZN3pcf11IndiElement3setINSt7__cxx1112basic_stringIcSt11char_traitsIcESaIcEEEEEvRKT_
FNDA:4,_ZN3pcf11IndiElement3setIdEEvRKT_
FNDA:0,_ZN3pcf11IndiElementaSItEERKT_S4_
FNDA:0,_ZN3pcf11IndiElement6setMaxImEEvRKT_
FNDA:0,_ZN3pcf11IndiElement6setMaxIjEEvRKT_
FNDA:0,_ZN3pcf11IndiElement7setStepIiEEvRKT_
FNDA:0,_ZN3pcf11IndiElement3setIA1_cEEvRKT_
FNDA:0,_ZN3pcf11IndiElement7setStepImEEvRKT_
FNDA:0,_ZN3pcf11IndiElementaSIfEERKT_S4_
FNDA:0,_ZN3pcf11IndiElement6setMinIfEEvRKT_
FNDA:0,_ZN3pcf11IndiElement6setMinIdEEvRKT_
FNDA:0,_ZN3pcf11IndiElement6setMinIiEEvRKT_
FNDA:0,_ZN3pcf11IndiElement3setIlEEvRKT_
FNDA:0,_ZN3pcf11IndiElement7setStepIfEEvRKT_
FNDA:0,_ZN3pcf11IndiElementaSIiEERKT_S4_
FNDA:44,_ZN3pcf11IndiElementaSIA5_cEERKT_S5_
FNDA:0,_ZN3pcf11IndiElement8setValueIA2_cEEvRKT_
FNDA:0,_ZN3pcf11IndiElement6setMinIjEEvRKT_
FNDA:0,_ZN3pcf11IndiElementC2IiEERKNSt7__cxx1112basic_stringIcSt11char_traitsIcESaIcEEERKT_
FNDA:0,_ZN3pcf11IndiElement6setMaxIiEEvRKT_
FNF:37
FNH:4
DA:241,0
DA:242,0
DA:244,0
DA:245,0
DA:246,0
DA:247,0
DA:252,18
DA:254,18
DA:256,0
DA:258,18
DA:259,18
DA:260,18
DA:261,18
DA:281,44
DA:283,44
DA:285,44
DA:286,44
DA:287,44
DA:288,44
DA:289,44
DA:290,44
DA:295,4
DA:297,4
DA:299,4
DA:300,4
DA:301,4
DA:302,4
DA:303,4
DA:308,28
DA:310,28
DA:312,28
DA:313,28
DA:314,28
DA:315,28
DA:316,28
DA:321,0
DA:323,0
DA:325,0
DA:326,0
DA:327,0
DA:328,0
DA:329,0
DA:334,0
DA:336,0
DA:338,0
DA:339,0
DA:340,0
DA:341,0
DA:342,0
DA:375,0
DA:377,0
DA:379,0
DA:380,0
DA:381,0
DA:382,0
DA:383,0
LF:56
LH:28
end_of_record
TN:
SF:/opt/MagAOX/source/MagAOX/INDI/libcommon/MutexLock.hpp
FN:34,_ZN3pcf9MutexLock8AutoLockC2EPS0_
FN:40,_ZN3pcf9MutexLock8AutoLockD2Ev
FN:51,_ZN3pcf9MutexLockC2Ev
FN:59,_ZN3pcf9MutexLockD2Ev
FN:59,_ZN3pcf9MutexLockD0Ev
FN:80,_ZN3pcf9MutexLock4lockEv
FN:88,_ZN3pcf9MutexLock6unlockEv
FNDA:0,_ZN3pcf9MutexLock8AutoLockD2Ev
FNDA:0,_ZN3pcf9MutexLock6unlockEv
FNDA:0,_ZN3pcf9MutexLock4lockEv
FNDA:1,_ZN3pcf9MutexLockC2Ev
FNDA:0,_ZN3pcf9MutexLockD0Ev
FNDA:0,_ZN3pcf9MutexLock8AutoLockC2EPS0_
FNDA:1,_ZN3pcf9MutexLockD2Ev
FNF:7
FNH:2
DA:34,0
DA:36,0
DA:37,0
DA:38,0
DA:39,0
DA:40,0
DA:42,0
DA:43,0
DA:44,0
DA:51,1
DA:52,1
DA:53,1
DA:54,1
DA:55,0
DA:58,1
DA:59,1
DA:60,1
DA:61,1
DA:62,1
DA:63,0
DA:67,1
DA:80,0
DA:82,0
DA:83,0
DA:84,0
DA:87,0
DA:88,0
DA:90,0
DA:91,0
DA:92,0
DA:95,0
LF:31
LH:10
end_of_record
TN:
SF:/opt/MagAOX/source/MagAOX/INDI/libcommon/ReadWriteLock.hpp
FN:33,_ZN3pcf13ReadWriteLock9AutoRLockC2EPS0_
FN:40,_ZN3pcf13ReadWriteLock9AutoRLockD2Ev
FN:60,_ZN3pcf13ReadWriteLock9AutoWLockC2EPS0_
FN:67,_ZN3pcf13ReadWriteLock9AutoWLockD2Ev
FN:78,_ZN3pcf13ReadWriteLockC2Ev
FN:84,_ZN3pcf13ReadWriteLockD2Ev
FN:84,_ZN3pcf13ReadWriteLockD0Ev
FN:102,_ZN3pcf13ReadWriteLock8lockReadEv
FN:108,_ZN3pcf13ReadWriteLock9lockWriteEv
FN:114,_ZN3pcf13ReadWriteLock10unlockReadEv
FN:120,_ZN3pcf13ReadWriteLock11unlockWriteEv
FNDA:78,_ZN3pcf13ReadWriteLock9lockWriteEv
FNDA:666,_ZN3pcf13ReadWriteLock10unlockReadEv
FNDA:18,_ZN3pcf13ReadWriteLock9AutoRLockD2Ev
FNDA:18,_ZN3pcf13ReadWriteLock8lockReadEv
FNDA:6766,_ZN3pcf13ReadWriteLock11unlockWriteEv
FNDA:76,_ZN3pcf13ReadWriteLock9AutoWLockD2Ev
FNDA:18,_ZN3pcf13ReadWriteLock9AutoRLockC2EPS0_
FNDA:0,_ZN3pcf13ReadWriteLockC2Ev
FNDA:0,_ZN3pcf13ReadWriteLockD2Ev
FNDA:0,_ZN3pcf13ReadWriteLockD0Ev
FNDA:78,_ZN3pcf13ReadWriteLock9AutoWLockC2EPS0_
FNF:11
FNH:8
DA:33,18
DA:34,18
DA:35,18
DA:36,18
DA:37,0
DA:38,18
DA:39,18
DA:40,18
DA:42,18
DA:43,18
DA:44,18
DA:60,78
DA:61,78
DA:62,78
DA:63,78
DA:64,0
DA:65,78
DA:66,78
DA:67,76
DA:69,76
DA:70,76
DA:71,76
DA:78,0
DA:79,0
DA:80,0
DA:81,0
DA:82,0
DA:83,0
DA:84,0
DA:85,0
DA:86,0
DA:87,0
DA:88,0
DA:89,0
DA:102,18
DA:104,18
DA:105,18
DA:106,0
DA:107,18
DA:108,78
DA:110,78
DA:111,78
DA:112,0
DA:113,78
DA:114,666
DA:116,666
DA:117,666
DA:118,0
DA:119,666
DA:120,6766
DA:122,6766
DA:123,6766
DA:124,0
DA:125,6766
LF:54
LH:36
end_of_record
TN:
SF:/opt/MagAOX/source/MagAOX/INDI/libcommon/Thread.hpp
FNF:0
FNH:0
DA:138,0
LF:1
LH:0
end_of_record
TN:
SF:/opt/MagAOX/source/MagAOX/apps/adcTracker/adcTracker.hpp
FN:99,_ZN6MagAOX3app10adcTrackerD0Ev
FN:99,_ZN6MagAOX3app10adcTrackerD2Ev
FN:153,_ZN6MagAOX3app10adcTracker31st_newCallBack_m_indiP_trackingEPvRKN3pcf12IndiPropertyE
FN:155,_ZN6MagAOX3app10adcTracker33st_newCallBack_m_indiP_deltaAngleEPvRKN3pcf12IndiPropertyE
FN:156,_ZN6MagAOX3app10adcTracker32st_newCallBack_m_indiP_deltaADC1EPvRKN3pcf12IndiPropertyE
FN:157,_ZN6MagAOX3app10adcTracker32st_newCallBack_m_indiP_deltaADC2EPvRKN3pcf12IndiPropertyE
FN:159,_ZN6MagAOX3app10adcTracker28st_newCallBack_m_indiP_minZDEPvRKN3pcf12IndiPropertyE
FN:161,_ZN6MagAOX3app10adcTracker30st_setCallBack_m_indiP_teldataEPvRKN3pcf12IndiPropertyE
FN:168,_ZN6MagAOX3app10adcTrackerC2Ev
FN:174,_ZN6MagAOX3app10adcTracker11setupConfigEv
FN:203,_ZN6MagAOX3app10adcTracker14loadConfigImplERN2mx3app15appConfiguratorE
FN:224,_ZN6MagAOX3app10adcTracker10loadConfigEv
FN:229,_ZN6MagAOX3app10adcTracker10appStartupEv
FN:293,_ZN6MagAOX3app10adcTracker8appLogicEv
FN:338,_ZN6MagAOX3app10adcTracker11appShutdownEv
FN:343,_ZN6MagAOX3app10adcTracker28newCallBack_m_indiP_trackingERKN3pcf12IndiPropertyE
FN:369,_ZN6MagAOX3app10adcTracker30newCallBack_m_indiP_deltaAngleERKN3pcf12IndiPropertyE
FN:392,_ZN6MagAOX3app10adcTracker29newCallBack_m_indiP_deltaADC1ERKN3pcf12IndiPropertyE
FN:415,_ZN6MagAOX3app10adcTracker29newCallBack_m_indiP_deltaADC2ERKN3pcf12IndiPropertyE
FN:438,_ZN6MagAOX3app10adcTracker25newCallBack_m_indiP_minZDERKN3pcf12IndiPropertyE
FN:461,_ZN6MagAOX3app10adcTracker27setCallBack_m_indiP_teldataERKN3pcf12IndiPropertyE
FNDA:0,_ZN6MagAOX3app10adcTracker11appShutdownEv
FNDA:0,_ZN6MagAOX3app10adcTracker11setupConfigEv
FNDA:0,_ZN6MagAOX3app10adcTrackerD0Ev
FNDA:0,_ZN6MagAOX3app10adcTracker33st_newCallBack_m_indiP_deltaAngleEPvRKN3pcf12IndiPropertyE
FNDA:0,_ZN6MagAOX3app10adcTracker10appStartupEv
FNDA:3,_ZN6MagAOX3app10adcTracker29newCallBack_m_indiP_deltaADC1ERKN3pcf12IndiPropertyE
FNDA:0,_ZN6MagAOX3app10adcTracker30st_setCallBack_m_indiP_teldataEPvRKN3pcf12IndiPropertyE
FNDA:0,_ZN6MagAOX3app10adcTracker32st_newCallBack_m_indiP_deltaADC2EPvRKN3pcf12IndiPropertyE
FNDA:18,_ZN6MagAOX3app10adcTrackerC2Ev
FNDA:3,_ZN6MagAOX3app10adcTracker25newCallBack_m_indiP_minZDERKN3pcf12IndiPropertyE
FNDA:0,_ZN6MagAOX3app10adcTracker32st_newCallBack_m_indiP_deltaADC1EPvRKN3pcf12IndiPropertyE
FNDA:3,_ZN6MagAOX3app10adcTracker30newCallBack_m_indiP_deltaAngleERKN3pcf12IndiPropertyE
FNDA:3,_ZN6MagAOX3app10adcTracker29newCallBack_m_indiP_deltaADC2ERKN3pcf12IndiPropertyE
FNDA:0,_ZN6MagAOX3app10adcTracker8appLogicEv
FNDA:0,_ZN6MagAOX3app10adcTracker28st_newCallBack_m_indiP_minZDEPvRKN3pcf12IndiPropertyE
FNDA:3,_ZN6MagAOX3app10adcTracker27setCallBack_m_indiP_teldataERKN3pcf12IndiPropertyE
FNDA:3,_ZN6MagAOX3app10adcTracker28newCallBack_m_indiP_trackingERKN3pcf12IndiPropertyE
FNDA:0,_ZN6MagAOX3app10adcTracker14loadConfigImplERN2mx3app15appConfiguratorE
FNDA:0,_ZN6MagAOX3app10adcTracker10loadConfigEv
FNDA:18,_ZN6MagAOX3app10adcTrackerD2Ev
FNDA:0,_ZN6MagAOX3app10adcTracker31st_newCallBack_m_indiP_trackingEPvRKN3pcf12IndiPropertyE
FNF:21
FNH:8
DA:99,18
DA:100,18
DA:153,0
DA:155,0
DA:156,0
DA:157,0
DA:159,0
DA:161,0
DA:168,18
DA:171,18
DA:172,0
DA:174,0
DA:176,0
DA:178,0
DA:180,0
DA:182,0
DA:184,0
DA:186,0
DA:188,0
DA:190,0
DA:192,0
DA:194,0
DA:196,0
DA:198,0
DA:200,0
DA:201,0
DA:203,0
DA:205,0
DA:206,0
DA:207,0
DA:208,0
DA:209,0
DA:210,0
DA:211,0
DA:212,0
DA:213,0
DA:214,0
DA:215,0
DA:217,0
DA:219,0
DA:221,0
DA:224,0
DA:226,0
DA:227,0
DA:229,0
DA:232,0
DA:234,0
DA:236,0
DA:238,0
DA:239,0
DA:242,0
DA:244,0
DA:245,0
DA:248,0
DA:250,0
DA:251,0
DA:253,0
DA:254,0
DA:256,0
DA:257,0
DA:258,0
DA:259,0
DA:261,0
DA:262,0
DA:263,0
DA:264,0
DA:266,0
DA:267,0
DA:268,0
DA:269,0
DA:271,0
DA:272,0
DA:273,0
DA:274,0
DA:276,0
DA:278,0
DA:279,0
DA:280,0
DA:281,0
DA:283,0
DA:284,0
DA:285,0
DA:286,0
DA:288,0
DA:290,0
DA:291,0
DA:293,0
DA:298,0
DA:300,0
DA:301,0
DA:303,0
DA:305,0
DA:306,0
DA:307,0
DA:309,0
DA:311,0
DA:312,0
DA:316,0
DA:319,0
DA:320,0
DA:322,0
DA:325,0
DA:326,0
DA:328,0
DA:329,0
DA:331,0
DA:333,0
DA:335,0
DA:338,0
DA:340,0
DA:343,3
DA:345,3
DA:369,3
DA:371,3
DA:392,3
DA:394,3
DA:415,3
DA:417,3
DA:438,3
DA:440,3
DA:461,3
DA:463,3
LF:122
LH:16
end_of_record
TN:
SF:/opt/MagAOX/source/MagAOX/apps/cacaoInterface/cacaoInterface.hpp
FN:94,_ZN6MagAOX3app14cacaoInterfaceD0Ev
FN:94,_ZN6MagAOX3app14cacaoInterfaceD2Ev
FN:248,_ZN6MagAOX3app14cacaoInterface32st_newCallBack_m_indiP_loopStateEPvRKN3pcf12IndiPropertyE
FN:249,_ZN6MagAOX3app14cacaoInterface31st_newCallBack_m_indiP_loopZeroEPvRKN3pcf12IndiPropertyE
FN:250,_ZN6MagAOX3app14cacaoInterface31st_newCallBack_m_indiP_loopGainEPvRKN3pcf12IndiPropertyE
FN:251,_ZN6MagAOX3app14cacaoInterface32st_newCallBack_m_indiP_multCoeffEPvRKN3pcf12IndiPropertyE
FN:252,_ZN6MagAOX3app14cacaoInterface29st_newCallBack_m_indiP_maxLimEPvRKN3pcf12IndiPropertyE
FN:269,_ZN6MagAOX3app14cacaoInterfaceC2Ev
FN:275,_ZN6MagAOX3app14cacaoInterface11setupConfigEv
FN:282,_ZN6MagAOX3app14cacaoInterface14loadConfigImplERN2mx3app15appConfiguratorE
FN:295,_ZN6MagAOX3app14cacaoInterface10loadConfigEv
FN:300,_ZN6MagAOX3app14cacaoInterface10appStartupEv
FN:346,_ZN6MagAOX3app14cacaoInterface8appLogicEv
FN:409,_ZN6MagAOX3app14cacaoInterface11appShutdownEv
FN:428,_ZN6MagAOX3app14cacaoInterface9setFPSValERKNSt7__cxx1112basic_stringIcSt11char_traitsIcESaIcEEES9_S9_
FN:457,_ZN6MagAOX3app14cacaoInterface9setFPSValIfEEiRKNSt7__cxx1112basic_stringIcSt11char_traitsIcESaIcEEESA_RKT_
FN:465,_ZN6MagAOX3app14cacaoInterface12getFPSValStrERKNSt7__cxx1112basic_stringIcSt11char_traitsIcESaIcEEES9_
FN:542,_ZN6MagAOX3app14cacaoInterface12getFPSValNumERKNSt7__cxx1112basic_stringIcSt11char_traitsIcESaIcEEES9_
FN:619,_ZN6MagAOX3app14cacaoInterface10getAOCalibEv
FN:705,_ZN6MagAOX3app14cacaoInterface18checkLoopProcessesEv
FN:714,_ZN6MagAOX3app14cacaoInterface7setGainEv
FN:720,_ZN6MagAOX3app14cacaoInterface12setMultCoeffEv
FN:726,_ZN6MagAOX3app14cacaoInterface9setMaxLimEv
FN:732,_ZN6MagAOX3app14cacaoInterface6loopOnEv
FN:746,_ZN6MagAOX3app14cacaoInterface7loopOffEv
FN:767,_ZN6MagAOX3app14cacaoInterface8loopZeroEv
FN:780,_ZN6MagAOX3app14cacaoInterface13fmThreadStartEPS1_
FN:786,_ZN6MagAOX3app14cacaoInterface12fmThreadExecEv
FN:850,_ZN6MagAOX3app14cacaoInterface29newCallBack_m_indiP_loopStateERKN3pcf12IndiPropertyE
FN:871,_ZN6MagAOX3app14cacaoInterface28newCallBack_m_indiP_loopGainERKN3pcf12IndiPropertyE
FN:904,_ZN6MagAOX3app14cacaoInterface28newCallBack_m_indiP_loopZeroERKN3pcf12IndiPropertyE
FN:920,_ZN6MagAOX3app14cacaoInterface29newCallBack_m_indiP_multCoeffERKN3pcf12IndiPropertyE
FN:952,_ZN6MagAOX3app14cacaoInterface26newCallBack_m_indiP_maxLimERKN3pcf12IndiPropertyE
FN:984,_ZN6MagAOX3app14cacaoInterface16checkRecordTimesEv
FN:990,_ZN6MagAOX3app14cacaoInterface11recordTelemEPKNS_6logger14telem_loopgainE
FN:996,_ZN6MagAOX3app14cacaoInterface14recordLoopGainEb
FNDA:0,_ZN6MagAOX3app14cacaoInterface11appShutdownEv
FNDA:0,_ZN6MagAOX3app14cacaoInterface29st_newCallBack_m_indiP_maxLimEPvRKN3pcf12IndiPropertyE
FNDA:0,_ZN6MagAOX3app14cacaoInterface12getFPSValNumERKNSt7__cxx1112basic_stringIcSt11char_traitsIcESaIcEEES9_
FNDA:0,_ZN6MagAOX3app14cacaoInterface9setMaxLimEv
FNDA:15,_ZN6MagAOX3app14cacaoInterfaceD2Ev
FNDA:3,_ZN6MagAOX3app14cacaoInterface26newCallBack_m_indiP_maxLimERKN3pcf12IndiPropertyE
FNDA:0,_ZN6MagAOX3app14cacaoInterface13fmThreadStartEPS1_
FNDA:0,_ZN6MagAOX3app14cacaoInterface9setFPSValIfEEiRKNSt7__cxx1112basic_stringIcSt11char_traitsIcESaIcEEESA_RKT_
FNDA:0,_ZN6MagAOX3app14cacaoInterface12fmThreadExecEv
FNDA:0,_ZN6MagAOX3app14cacaoInterface10loadConfigEv
FNDA:0,_ZN6MagAOX3app14cacaoInterface31st_newCallBack_m_indiP_loopGainEPvRKN3pcf12IndiPropertyE
FNDA:0,_ZN6MagAOX3app14cacaoInterface11recordTelemEPKNS_6logger14telem_loopgainE
FNDA:0,_ZN6MagAOX3app14cacaoInterface16checkRecordTimesEv
FNDA:0,_ZN6MagAOX3app14cacaoInterface31st_newCallBack_m_indiP_loopZeroEPvRKN3pcf12IndiPropertyE
FNDA:0,_ZN6MagAOX3app14cacaoInterface10getAOCalibEv
FNDA:15,_ZN6MagAOX3app14cacaoInterfaceC2Ev
FNDA:0,_ZN6MagAOX3app14cacaoInterface10appStartupEv
FNDA:0,_ZN6MagAOX3app14cacaoInterface8appLogicEv
FNDA:3,_ZN6MagAOX3app14cacaoInterface29newCallBack_m_indiP_loopStateERKN3pcf12IndiPropertyE
FNDA:0,_ZN6MagAOX3app14cacaoInterface18checkLoopProcessesEv
FNDA:0,_ZN6MagAOX3app14cacaoInterface9setFPSValERKNSt7__cxx1112basic_stringIcSt11char_traitsIcESaIcEEES9_S9_
FNDA:0,_ZN6MagAOX3app14cacaoInterface7setGainEv
FNDA:0,_ZN6MagAOX3app14cacaoInterface7loopOffEv
FNDA:0,_ZN6MagAOX3app14cacaoInterface12setMultCoeffEv
FNDA:0,_ZN6MagAOX3app14cacaoInterface8loopZeroEv
FNDA:0,_ZN6MagAOX3app14cacaoInterface11setupConfigEv
FNDA:3,_ZN6MagAOX3app14cacaoInterface28newCallBack_m_indiP_loopZeroERKN3pcf12IndiPropertyE
FNDA:0,_ZN6MagAOX3app14cacaoInterfaceD0Ev
FNDA:3,_ZN6MagAOX3app14cacaoInterface29newCallBack_m_indiP_multCoeffERKN3pcf12IndiPropertyE
FNDA:0,_ZN6MagAOX3app14cacaoInterface12getFPSValStrERKNSt7__cxx1112basic_stringIcSt11char_traitsIcESaIcEEES9_
FNDA:0,_ZN6MagAOX3app14cacaoInterface32st_newCallBack_m_indiP_loopStateEPvRKN3pcf12IndiPropertyE
FNDA:0,_ZN6MagAOX3app14cacaoInterface6loopOnEv
FNDA:0,_ZN6MagAOX3app14cacaoInterface14loadConfigImplERN2mx3app15appConfiguratorE
FNDA:0,_ZN6MagAOX3app14cacaoInterface14recordLoopGainEb
FNDA:3,_ZN6MagAOX3app14cacaoInterface28newCallBack_m_indiP_loopGainERKN3pcf12IndiPropertyE
FNDA:0,_ZN6MagAOX3app14cacaoInterface32st_newCallBack_m_indiP_multCoeffEPvRKN3pcf12IndiPropertyE
FNF:36
FNH:7
DA:94,15
DA:95,15
DA:248,0
DA:249,0
DA:250,0
DA:251,0
DA:252,0
DA:269,15
DA:272,15
DA:273,0
DA:275,0
DA:277,0
DA:279,0
DA:280,0
DA:282,0
DA:284,0
DA:286,0
DA:288,0
DA:289,0
DA:292,0
DA:295,0
DA:297,0
DA:298,0
DA:300,0
DA:303,0
DA:305,0
DA:308,0
DA:309,0
DA:310,0
DA:311,0
DA:312,0
DA:314,0
DA:315,0
DA:317,0
DA:318,0
DA:320,0
DA:321,0
DA:323,0
DA:324,0
DA:326,0
DA:327,0
DA:329,0
DA:330,0
DA:332,0
DA:334,0
DA:335,0
DA:338,0
DA:340,0
DA:343,0
DA:346,0
DA:349,0
DA:351,0
DA:353,0
DA:357,0
DA:359,0
DA:360,0
DA:361,0
DA:364,0
DA:365,0
DA:367,0
DA:369,0
DA:370,0
DA:373,0
DA:375,0
DA:377,0
DA:379,0
DA:383,0
DA:386,0
DA:388,0
DA:390,0
DA:392,0
DA:394,0
DA:396,0
DA:399,0
DA:400,0
DA:402,0
DA:403,0
DA:404,0
DA:406,0
DA:407,0
DA:409,0
DA:412,0
DA:416,0
DA:418,0
DA:420,0
DA:423,0
DA:425,0
DA:428,0
DA:433,0
DA:435,0
DA:436,0
DA:438,0
DA:439,0
DA:442,0
DA:444,0
DA:446,0
DA:447,0
DA:450,0
DA:452,0
DA:453,0
DA:457,0
DA:462,0
DA:465,0
DA:469,0
DA:471,0
DA:473,0
DA:474,0
DA:476,0
DA:477,0
DA:480,0
DA:482,0
DA:484,0
DA:485,0
DA:488,0
DA:492,0
DA:493,0
DA:494,0
DA:496,0
DA:497,0
DA:498,0
DA:501,0
DA:503,0
DA:504,0
DA:507,0
DA:509,0
DA:511,0
DA:512,0
DA:515,0
DA:517,0
DA:519,0
DA:521,0
DA:523,0
DA:525,0
DA:528,0
DA:531,0
DA:533,0
DA:535,0
DA:536,0
DA:539,0
DA:540,0
DA:542,0
DA:546,0
DA:548,0
DA:550,0
DA:551,0
DA:553,0
DA:554,0
DA:557,0
DA:559,0
DA:561,0
DA:562,0
DA:564,0
DA:568,0
DA:569,0
DA:570,0
DA:572,0
DA:573,0
DA:574,0
DA:577,0
DA:579,0
DA:580,0
DA:583,0
DA:585,0
DA:587,0
DA:589,0
DA:590,0
DA:593,0
DA:595,0
DA:597,0
DA:599,0
DA:601,0
DA:603,0
DA:604,0
DA:607,0
DA:609,0
DA:611,0
DA:612,0
DA:615,0
DA:616,0
DA:619,0
DA:621,0
DA:623,0
DA:626,0
DA:627,0
DA:629,0
DA:631,0
DA:632,0
DA:635,0
DA:636,0
DA:637,0
DA:639,0
DA:641,0
DA:643,0
DA:645,0
DA:647,0
DA:648,0
DA:650,0
DA:651,0
DA:654,0
DA:655,0
DA:656,0
DA:658,0
DA:660,0
DA:661,0
DA:663,0
DA:665,0
DA:666,0
DA:667,0
DA:669,0
DA:671,0
DA:672,0
DA:674,0
DA:676,0
DA:677,0
DA:680,0
DA:682,0
DA:685,0
DA:687,0
DA:689,0
DA:690,0
DA:692,0
DA:695,0
DA:697,0
DA:699,0
DA:702,0
DA:703,0
DA:705,0
DA:709,0
DA:711,0
DA:714,0
DA:716,0
DA:717,0
DA:720,0
DA:722,0
DA:723,0
DA:726,0
DA:728,0
DA:729,0
DA:732,0
DA:734,0
DA:735,0
DA:737,0
DA:740,0
DA:742,0
DA:746,0
DA:748,0
DA:749,0
DA:751,0
DA:754,0
DA:756,0
DA:760,0
DA:763,0
DA:767,0
DA:769,0
DA:771,0
DA:774,0
DA:776,0
DA:780,0
DA:782,0
DA:783,0
DA:786,0
DA:788,0
DA:790,0
DA:792,0
DA:795,0
DA:797,0
DA:799,0
DA:800,0
DA:803,0
DA:805,0
DA:807,0
DA:809,0
DA:811,0
DA:815,0
DA:817,0
DA:819,0
DA:820,0
DA:822,0
DA:825,0
DA:827,0
DA:829,0
DA:830,0
DA:831,0
DA:834,0
DA:836,0
DA:838,0
DA:839,0
DA:841,0
DA:843,0
DA:845,0
DA:847,0
DA:850,3
DA:852,3
DA:871,3
DA:873,3
DA:904,3
DA:906,3
DA:920,3
DA:922,3
DA:952,3
DA:954,3
DA:984,0
DA:986,0
DA:990,0
DA:992,0
DA:996,0
DA:1003,0
DA:1005,0
DA:1006,0
DA:1007,0
DA:1008,0
DA:1010,0
DA:1013,0
LF:313
LH:14
end_of_record
TN:
SF:/opt/MagAOX/source/MagAOX/apps/closedLoopIndi/closedLoopIndi.hpp
FN:92,_ZN6MagAOX3app14closedLoopIndiD0Ev
FN:92,_ZN6MagAOX3app14closedLoopIndiD2Ev
FN:137,_ZN6MagAOX3app14closedLoopIndi33st_newCallBack_m_indiP_reference0EPvRKN3pcf12IndiPropertyE
FN:140,_ZN6MagAOX3app14closedLoopIndi33st_newCallBack_m_indiP_reference1EPvRKN3pcf12IndiPropertyE
FN:143,_ZN6MagAOX3app14closedLoopIndi29st_setCallBack_m_indiP_inputsEPvRKN3pcf12IndiPropertyE
FN:146,_ZN6MagAOX3app14closedLoopIndi28st_newCallBack_m_indiP_ggainEPvRKN3pcf12IndiPropertyE
FN:149,_ZN6MagAOX3app14closedLoopIndi34st_newCallBack_m_indiP_ctrlEnabledEPvRKN3pcf12IndiPropertyE
FN:152,_ZN6MagAOX3app14closedLoopIndi35st_newCallBack_m_indiP_counterResetEPvRKN3pcf12IndiPropertyE
FN:155,_ZN6MagAOX3app14closedLoopIndi32st_setCallBack_m_indiP_ctrl0_fsmEPvRKN3pcf12IndiPropertyE
FN:158,_ZN6MagAOX3app14closedLoopIndi28st_setCallBack_m_indiP_ctrl0EPvRKN3pcf12IndiPropertyE
FN:161,_ZN6MagAOX3app14closedLoopIndi32st_setCallBack_m_indiP_ctrl1_fsmEPvRKN3pcf12IndiPropertyE
FN:164,_ZN6MagAOX3app14closedLoopIndi28st_setCallBack_m_indiP_ctrl1EPvRKN3pcf12IndiPropertyE
FN:167,_ZN6MagAOX3app14closedLoopIndi31st_setCallBack_m_indiP_upstreamEPvRKN3pcf12IndiPropertyE
FN:170,_ZN6MagAOX3app14closedLoopIndiC2Ev
FN:175,_ZN6MagAOX3app14closedLoopIndi11setupConfigEv
FN:203,_ZN6MagAOX3app14closedLoopIndi14loadConfigImplERN2mx3app15appConfiguratorE
FN:305,_ZN6MagAOX3app14closedLoopIndi10loadConfigEv
FN:310,_ZN6MagAOX3app14closedLoopIndi10appStartupEv
FN:381,_ZN6MagAOX3app14closedLoopIndi8appLogicEv
FN:395,_ZN6MagAOX3app14closedLoopIndi11appShutdownEv
FN:400,_ZN6MagAOX3app14closedLoopIndi10toggleLoopEb
FN:501,_ZN6MagAOX3app14closedLoopIndi30newCallBack_m_indiP_reference0ERKN3pcf12IndiPropertyE
FN:521,_ZN6MagAOX3app14closedLoopIndi30newCallBack_m_indiP_reference1ERKN3pcf12IndiPropertyE
FN:541,_ZN6MagAOX3app14closedLoopIndi26setCallBack_m_indiP_inputsERKN3pcf12IndiPropertyE
FN:563,_ZN6MagAOX3app14closedLoopIndi25newCallBack_m_indiP_ggainERKN3pcf12IndiPropertyE
FN:585,_ZN6MagAOX3app14closedLoopIndi31newCallBack_m_indiP_ctrlEnabledERKN3pcf12IndiPropertyE
FN:604,_ZN6MagAOX3app14closedLoopIndi32newCallBack_m_indiP_counterResetERKN3pcf12IndiPropertyE
FN:618,_ZN6MagAOX3app14closedLoopIndi29setCallBack_m_indiP_ctrl0_fsmERKN3pcf12IndiPropertyE
FN:630,_ZN6MagAOX3app14closedLoopIndi25setCallBack_m_indiP_ctrl0ERKN3pcf12IndiPropertyE
FN:642,_ZN6MagAOX3app14closedLoopIndi29setCallBack_m_indiP_ctrl1_fsmERKN3pcf12IndiPropertyE
FN:654,_ZN6MagAOX3app14closedLoopIndi25setCallBack_m_indiP_ctrl1ERKN3pcf12IndiPropertyE
FN:666,_ZN6MagAOX3app14closedLoopIndi28setCallBack_m_indiP_upstreamERKN3pcf12IndiPropertyE
FNDA:0,_ZN6MagAOX3app14closedLoopIndi28st_newCallBack_m_indiP_ggainEPvRKN3pcf12IndiPropertyE
FNDA:3,_ZN6MagAOX3app14closedLoopIndi29setCallBack_m_indiP_ctrl0_fsmERKN3pcf12IndiPropertyE
FNDA:0,_ZN6MagAOX3app14closedLoopIndi33st_newCallBack_m_indiP_reference1EPvRKN3pcf12IndiPropertyE
FNDA:0,_ZN6MagAOX3app14closedLoopIndi33st_newCallBack_m_indiP_reference0EPvRKN3pcf12IndiPropertyE
FNDA:3,_ZN6MagAOX3app14closedLoopIndi29setCallBack_m_indiP_ctrl1_fsmERKN3pcf12IndiPropertyE
FNDA:0,_ZN6MagAOX3app14closedLoopIndi29st_setCallBack_m_indiP_inputsEPvRKN3pcf12IndiPropertyE
FNDA:0,_ZN6MagAOX3app14closedLoopIndi10toggleLoopEb
FNDA:0,_ZN6MagAOX3app14closedLoopIndi11setupConfigEv
FNDA:0,_ZN6MagAOX3app14closedLoopIndi35st_newCallBack_m_indiP_counterResetEPvRKN3pcf12IndiPropertyE
FNDA:0,_ZN6MagAOX3app14closedLoopIndi14loadConfigImplERN2mx3app15appConfiguratorE
FNDA:3,_ZN6MagAOX3app14closedLoopIndi31newCallBack_m_indiP_ctrlEnabledERKN3pcf12IndiPropertyE
FNDA:3,_ZN6MagAOX3app14closedLoopIndi28setCallBack_m_indiP_upstreamERKN3pcf12IndiPropertyE
FNDA:0,_ZN6MagAOX3app14closedLoopIndi8appLogicEv
FNDA:3,_ZN6MagAOX3app14closedLoopIndi30newCallBack_m_indiP_reference0ERKN3pcf12IndiPropertyE
FNDA:0,_ZN6MagAOX3app14closedLoopIndi28st_setCallBack_m_indiP_ctrl1EPvRKN3pcf12IndiPropertyE
FNDA:33,_ZN6MagAOX3app14closedLoopIndiD2Ev
FNDA:0,_ZN6MagAOX3app14closedLoopIndi32st_setCallBack_m_indiP_ctrl0_fsmEPvRKN3pcf12IndiPropertyE
FNDA:0,_ZN6MagAOX3app14closedLoopIndi10appStartupEv
FNDA:33,_ZN6MagAOX3app14closedLoopIndiC2Ev
FNDA:3,_ZN6MagAOX3app14closedLoopIndi25newCallBack_m_indiP_ggainERKN3pcf12IndiPropertyE
FNDA:0,_ZN6MagAOX3app14closedLoopIndi28st_setCallBack_m_indiP_ctrl0EPvRKN3pcf12IndiPropertyE
FNDA:3,_ZN6MagAOX3app14closedLoopIndi32newCallBack_m_indiP_counterResetERKN3pcf12IndiPropertyE
FNDA:0,_ZN6MagAOX3app14closedLoopIndi34st_newCallBack_m_indiP_ctrlEnabledEPvRKN3pcf12IndiPropertyE
FNDA:0,_ZN6MagAOX3app14closedLoopIndi32st_setCallBack_m_indiP_ctrl1_fsmEPvRKN3pcf12IndiPropertyE
FNDA:3,_ZN6MagAOX3app14closedLoopIndi30newCallBack_m_indiP_reference1ERKN3pcf12IndiPropertyE
FNDA:0,_ZN6MagAOX3app14closedLoopIndi31st_setCallBack_m_indiP_upstreamEPvRKN3pcf12IndiPropertyE
FNDA:3,_ZN6MagAOX3app14closedLoopIndi25setCallBack_m_indiP_ctrl0ERKN3pcf12IndiPropertyE
FNDA:3,_ZN6MagAOX3app14closedLoopIndi26setCallBack_m_indiP_inputsERKN3pcf12IndiPropertyE
FNDA:0,_ZN6MagAOX3app14closedLoopIndiD0Ev
FNDA:0,_ZN6MagAOX3app14closedLoopIndi10loadConfigEv
FNDA:0,_ZN6MagAOX3app14closedLoopIndi11appShutdownEv
FNDA:3,_ZN6MagAOX3app14closedLoopIndi25setCallBack_m_indiP_ctrl1ERKN3pcf12IndiPropertyE
FNF:32
FNH:13
DA:92,33
DA:93,33
DA:137,0
DA:140,0
DA:143,0
DA:146,0
DA:149,0
DA:152,0
DA:155,0
DA:158,0
DA:161,0
DA:164,0
DA:167,0
DA:170,231
DA:172,33
DA:173,0
DA:175,0
DA:177,0
DA:178,0
DA:179,0
DA:180,0
DA:182,0
DA:184,0
DA:185,0
DA:186,0
DA:187,0
DA:188,0
DA:191,0
DA:192,0
DA:193,0
DA:194,0
DA:196,0
DA:197,0
DA:198,0
DA:199,0
DA:201,0
DA:203,0
DA:205,0
DA:206,0
DA:207,0
DA:208,0
DA:210,0
DA:212,0
DA:213,0
DA:216,0
DA:218,0
DA:219,0
DA:222,0
DA:224,0
DA:225,0
DA:228,0
DA:229,0
DA:230,0
DA:232,0
DA:233,0
DA:236,0
DA:237,0
DA:238,0
DA:240,0
DA:241,0
DA:242,0
DA:243,0
DA:244,0
DA:246,0
DA:248,0
DA:250,0
DA:252,0
DA:253,0
DA:256,0
DA:258,0
DA:259,0
DA:262,0
DA:264,0
DA:265,0
DA:268,0
DA:270,0
DA:271,0
DA:274,0
DA:276,0
DA:277,0
DA:280,0
DA:281,0
DA:282,0
DA:283,0
DA:285,0
DA:286,0
DA:287,0
DA:288,0
DA:290,0
DA:291,0
DA:292,0
DA:293,0
DA:294,0
DA:296,0
DA:298,0
DA:299,0
DA:300,0
DA:302,0
DA:303,0
DA:305,0
DA:307,0
DA:308,0
DA:310,0
DA:312,0
DA:314,0
DA:315,0
DA:316,0
DA:317,0
DA:318,0
DA:320,0
DA:321,0
DA:322,0
DA:324,0
DA:325,0
DA:326,0
DA:328,0
DA:330,0
DA:332,0
DA:333,0
DA:337,0
DA:341,0
DA:342,0
DA:344,0
DA:345,0
DA:346,0
DA:349,0
DA:351,0
DA:353,0
DA:354,0
DA:356,0
DA:358,0
DA:360,0
DA:362,0
DA:364,0
DA:367,0
DA:369,0
DA:370,0
DA:373,0
DA:375,0
DA:378,0
DA:381,0
DA:383,0
DA:385,0
DA:389,0
DA:392,0
DA:395,0
DA:397,0
DA:400,0
DA:402,0
DA:404,0
DA:405,0
DA:406,0
DA:407,0
DA:410,0
DA:412,0
DA:413,0
DA:414,0
DA:416,0
DA:419,0
DA:501,3
DA:503,3
DA:521,3
DA:523,3
DA:541,3
DA:543,3
DA:563,3
DA:565,3
DA:585,3
DA:587,3
DA:604,3
DA:606,3
DA:618,3
DA:620,3
DA:630,3
DA:632,3
DA:642,3
DA:644,3
DA:654,3
DA:656,3
DA:666,3
DA:668,3
LF:181
LH:26
end_of_record
TN:
SF:/opt/MagAOX/source/MagAOX/apps/fsmCtrl/conversion.hpp
FN:20,_ZN6MagAOX3app10vi_to_daciEdd
FN:30,_ZN6MagAOX3app10daci_to_viEdd
FN:42,_ZN6MagAOX3app9ttp_to_v1Edddd
FN:52,_ZN6MagAOX3app9ttp_to_v2Edddddd
FN:63,_ZN6MagAOX3app9ttp_to_v3Edddddd
FN:79,_ZN6MagAOX3app9vi_to_tipEddddd
FN:87,_ZN6MagAOX3app10vi_to_tiltEdddd
FN:94,_ZN6MagAOX3app12vi_to_pistonEdddd
FN:109,_ZN6MagAOX3app11ttp_to_dac1Eddddd
FN:116,_ZN6MagAOX3app11ttp_to_dac2Eddddddd
FN:124,_ZN6MagAOX3app11ttp_to_dac3Eddddddd
FN:137,_ZN6MagAOX3app11daci_to_tipEdddddd
FN:145,_ZN6MagAOX3app12daci_to_tiltEddddd
FN:152,_ZN6MagAOX3app14daci_to_pistonEddddd
FNDA:0,_ZN6MagAOX3app10vi_to_tiltEdddd
FNDA:0,_ZN6MagAOX3app14daci_to_pistonEddddd
FNDA:0,_ZN6MagAOX3app11ttp_to_dac1Eddddd
FNDA:0,_ZN6MagAOX3app10vi_to_daciEdd
FNDA:0,_ZN6MagAOX3app9ttp_to_v1Edddd
FNDA:0,_ZN6MagAOX3app12vi_to_pistonEdddd
FNDA:0,_ZN6MagAOX3app10daci_to_viEdd
FNDA:0,_ZN6MagAOX3app9vi_to_tipEddddd
FNDA:0,_ZN6MagAOX3app11daci_to_tipEdddddd
FNDA:0,_ZN6MagAOX3app12daci_to_tiltEddddd
FNDA:0,_ZN6MagAOX3app11ttp_to_dac3Eddddddd
FNDA:0,_ZN6MagAOX3app9ttp_to_v3Edddddd
FNDA:0,_ZN6MagAOX3app9ttp_to_v2Edddddd
FNDA:0,_ZN6MagAOX3app11ttp_to_dac2Eddddddd
FNF:14
FNH:0
DA:20,0
DA:22,0
DA:30,0
DA:32,0
DA:42,0
DA:44,0
DA:46,0
DA:48,0
DA:52,0
DA:54,0
DA:55,0
DA:57,0
DA:59,0
DA:63,0
DA:65,0
DA:66,0
DA:68,0
DA:70,0
DA:79,0
DA:81,0
DA:82,0
DA:83,0
DA:84,0
DA:87,0
DA:89,0
DA:90,0
DA:91,0
DA:94,0
DA:96,0
DA:97,0
DA:98,0
DA:99,0
DA:109,0
DA:111,0
DA:112,0
DA:116,0
DA:119,0
DA:120,0
DA:124,0
DA:126,0
DA:127,0
DA:137,0
DA:139,0
DA:140,0
DA:141,0
DA:142,0
DA:145,0
DA:147,0
DA:148,0
DA:149,0
DA:152,0
DA:154,0
DA:155,0
DA:156,0
DA:157,0
LF:55
LH:0
end_of_record
TN:
SF:/opt/MagAOX/source/MagAOX/apps/fsmCtrl/fsmCommands.hpp
FN:54,_ZN6MagAOX3app25CGraphFSMTelemetryPayloadeqES1_
FN:77,_ZN6MagAOX3app25CGraphFSMTelemetryPayloadaSERKS1_
FN:109,_ZN6MagAOX3app14AdcAccumulatorC2Ev
FN:111,_ZNK6MagAOX3app14AdcAccumulator3logEv
FN:175,_ZN6MagAOX3app14TelemetryQueryC2Ev
FN:185,_ZN6MagAOX3app14TelemetryQuery12processReplyEPKcm
FN:198,_ZN6MagAOX3app14TelemetryQuery14errorLogStringEm
FN:205,_ZN6MagAOX3app14TelemetryQuery8logReplyEv
FN:233,_ZN6MagAOX3app9AdcsQueryC2Ev
FN:243,_ZN6MagAOX3app9AdcsQuery12processReplyEPKcm
FN:256,_ZN6MagAOX3app9AdcsQuery14errorLogStringEm
FN:263,_ZN6MagAOX3app9AdcsQuery8logReplyEv
FN:279,_ZN6MagAOX3app9DacsQueryC2Ev
FN:289,_ZN6MagAOX3app9DacsQuery10setPayloadEPKvt
FN:295,_ZN6MagAOX3app9DacsQuery12processReplyEPKcm
FN:332,_ZN6MagAOX3app9DacsQuery14errorLogStringEm
FN:339,_ZN6MagAOX3app9DacsQuery8logReplyEv
FNDA:0,_ZN6MagAOX3app9DacsQuery8logReplyEv
FNDA:27,_ZN6MagAOX3app9AdcsQueryC2Ev
FNDA:0,_ZN6MagAOX3app14TelemetryQuery14errorLogStringEm
FNDA:0,_ZN6MagAOX3app25CGraphFSMTelemetryPayloadeqES1_
FNDA:0,_ZNK6MagAOX3app14AdcAccumulator3logEv
FNDA:0,_ZN6MagAOX3app9AdcsQuery14errorLogStringEm
FNDA:0,_ZN6MagAOX3app25CGraphFSMTelemetryPayloadaSERKS1_
FNDA:81,_ZN6MagAOX3app14AdcAccumulatorC2Ev
FNDA:27,_ZN6MagAOX3app9DacsQueryC2Ev
FNDA:0,_ZN6MagAOX3app9AdcsQuery12processReplyEPKcm
FNDA:0,_ZN6MagAOX3app14TelemetryQuery12processReplyEPKcm
FNDA:27,_ZN6MagAOX3app14TelemetryQueryC2Ev
FNDA:0,_ZN6MagAOX3app9DacsQuery14errorLogStringEm
FNDA:0,_ZN6MagAOX3app9DacsQuery12processReplyEPKcm
FNDA:0,_ZN6MagAOX3app9DacsQuery10setPayloadEPKvt
FNDA:0,_ZN6MagAOX3app9AdcsQuery8logReplyEv
FNDA:0,_ZN6MagAOX3app14TelemetryQuery8logReplyEv
FNF:17
FNH:4
DA:54,0
DA:56,0
DA:57,0
DA:77,0
DA:79,0
DA:80,0
DA:81,0
DA:82,0
DA:83,0
DA:84,0
DA:85,0
DA:86,0
DA:87,0
DA:88,0
DA:89,0
DA:90,0
DA:91,0
DA:109,81
DA:111,0
DA:113,0
DA:114,0
DA:115,0
DA:116,0
DA:175,27
DA:176,27
DA:177,27
DA:178,27
DA:179,27
DA:180,27
DA:185,0
DA:187,0
DA:189,0
DA:190,0
DA:194,0
DA:196,0
DA:198,0
DA:200,0
DA:201,0
DA:202,0
DA:203,0
DA:205,0
DA:207,0
DA:208,0
DA:223,0
DA:224,0
DA:233,27
DA:234,108
DA:235,27
DA:236,27
DA:237,27
DA:238,27
DA:243,0
DA:245,0
DA:247,0
DA:248,0
DA:252,0
DA:254,0
DA:256,0
DA:258,0
DA:259,0
DA:260,0
DA:261,0
DA:263,0
DA:265,0
DA:266,0
DA:267,0
DA:268,0
DA:269,0
DA:279,27
DA:280,27
DA:281,27
DA:282,27
DA:283,27
DA:284,27
DA:289,0
DA:291,0
DA:292,0
DA:293,0
DA:295,0
DA:297,0
DA:299,0
DA:300,0
DA:313,0
DA:316,0
DA:317,0
DA:318,0
DA:328,0
DA:330,0
DA:332,0
DA:334,0
DA:335,0
DA:336,0
DA:337,0
DA:339,0
DA:341,0
DA:342,0
DA:343,0
DA:344,0
LF:98
LH:19
end_of_record
TN:
SF:/opt/MagAOX/source/MagAOX/apps/fsmCtrl/fsmCtrl.hpp
FN:157,_ZN6MagAOX3app7fsmCtrl27st_newCallBack_m_indiP_val1EPvRKN3pcf12IndiPropertyE
FN:158,_ZN6MagAOX3app7fsmCtrl27st_newCallBack_m_indiP_val2EPvRKN3pcf12IndiPropertyE
FN:159,_ZN6MagAOX3app7fsmCtrl27st_newCallBack_m_indiP_val3EPvRKN3pcf12IndiPropertyE
FN:160,_ZN6MagAOX3app7fsmCtrl27st_newCallBack_m_indiP_dac1EPvRKN3pcf12IndiPropertyE
FN:161,_ZN6MagAOX3app7fsmCtrl27st_newCallBack_m_indiP_dac2EPvRKN3pcf12IndiPropertyE
FN:162,_ZN6MagAOX3app7fsmCtrl27st_newCallBack_m_indiP_dac3EPvRKN3pcf12IndiPropertyE
FN:166,_ZN6MagAOX3app7fsmCtrl41st_newCallBack_m_indiP_conversion_factorsEPvRKN3pcf12IndiPropertyE
FN:167,_ZN6MagAOX3app7fsmCtrl28st_newCallBack_m_indiP_inputEPvRKN3pcf12IndiPropertyE
FN:168,_ZN6MagAOX3app7fsmCtrl28st_newCallBack_m_indiP_queryEPvRKN3pcf12IndiPropertyE
FN:175,_ZN6MagAOX3app7fsmCtrlD0Ev
FN:175,_ZN6MagAOX3app7fsmCtrlD2Ev
FN:384,_ZN6MagAOX3app7fsmCtrlC2Ev
FN:391,_ZN6MagAOX3app7fsmCtrl11setupConfigEv
FN:428,_ZN6MagAOX3app7fsmCtrl14loadConfigImplERN2mx3app15appConfiguratorE
FN:502,_ZN6MagAOX3app7fsmCtrl10loadConfigEv
FN:530,_ZN6MagAOX3app7fsmCtrl10appStartupEv
FN:628,_ZN6MagAOX3app7fsmCtrl8appLogicEv
FN:704,_ZN6MagAOX3app7fsmCtrl11appShutdownEv
FN:717,_ZNK6MagAOX3app7fsmCtrl10getQueriesEv
FN:721,_ZN6MagAOX3app7fsmCtrl7receiveEv
FN:735,_ZN6MagAOX3app7fsmCtrl11receiveAdcsEv
FN:757,_ZN6MagAOX3app7fsmCtrl11receiveDacsEv
FN:775,_ZN6MagAOX3app7fsmCtrl7setDacsEPj
FN:827,_ZN6MagAOX3app7fsmCtrl16checkRecordTimesEv
FN:832,_ZN6MagAOX3app7fsmCtrl11recordTelemEPKNS_6logger9telem_fsmE
FN:842,_ZN6MagAOX3app7fsmCtrl9recordFsmEb
FN:860,_ZN6MagAOX3app7fsmCtrl8allocateERKNS0_3dev6shmimTE
FN:875,_ZN6MagAOX3app7fsmCtrl12processImageEPvRKNS0_3dev6shmimTE
FN:891,_ZN6MagAOX3app7fsmCtrl10commandFSMEPv
FN:938,_ZN6MagAOX3app7fsmCtrl12streamExistsEv
FN:954,_ZN6MagAOX3app7fsmCtrl14validateStreamEv
FN:1020,_ZN6MagAOX3app7fsmCtrl12createStreamEv
FN:1052,_ZN6MagAOX3app7fsmCtrl24newCallBack_m_indiP_val1ERKN3pcf12IndiPropertyE
FN:1111,_ZN6MagAOX3app7fsmCtrl24newCallBack_m_indiP_val2ERKN3pcf12IndiPropertyE
FN:1171,_ZN6MagAOX3app7fsmCtrl24newCallBack_m_indiP_val3ERKN3pcf12IndiPropertyE
FN:1230,_ZN6MagAOX3app7fsmCtrl38newCallBack_m_indiP_conversion_factorsERKN3pcf12IndiPropertyE
FN:1270,_ZN6MagAOX3app7fsmCtrl25newCallBack_m_indiP_inputERKN3pcf12IndiPropertyE
FN:1324,_ZN6MagAOX3app7fsmCtrl24newCallBack_m_indiP_dac1ERKN3pcf12IndiPropertyE
FN:1350,_ZN6MagAOX3app7fsmCtrl24newCallBack_m_indiP_dac2ERKN3pcf12IndiPropertyE
FN:1375,_ZN6MagAOX3app7fsmCtrl24newCallBack_m_indiP_dac3ERKN3pcf12IndiPropertyE
FN:1424,_ZN6MagAOX3app7fsmCtrl25newCallBack_m_indiP_queryERKN3pcf12IndiPropertyE
FN:1456,_ZN6MagAOX3app7fsmCtrl23updateINDICurrentParamsEv
FNDA:0,_ZN6MagAOX3app7fsmCtrl11recordTelemEPKNS_6logger9telem_fsmE
FNDA:0,_ZNK6MagAOX3app7fsmCtrl10getQueriesEv
FNDA:0,_ZN6MagAOX3app7fsmCtrl23updateINDICurrentParamsEv
FNDA:0,_ZN6MagAOX3app7fsmCtrl10appStartupEv
FNDA:0,_ZN6MagAOX3app7fsmCtrl27st_newCallBack_m_indiP_dac1EPvRKN3pcf12IndiPropertyE
FNDA:3,_ZN6MagAOX3app7fsmCtrl25newCallBack_m_indiP_queryERKN3pcf12IndiPropertyE
FNDA:3,_ZN6MagAOX3app7fsmCtrl25newCallBack_m_indiP_inputERKN3pcf12IndiPropertyE
FNDA:0,_ZN6MagAOX3app7fsmCtrl14validateStreamEv
FNDA:0,_ZN6MagAOX3app7fsmCtrl28st_newCallBack_m_indiP_inputEPvRKN3pcf12IndiPropertyE
FNDA:3,_ZN6MagAOX3app7fsmCtrl24newCallBack_m_indiP_val2ERKN3pcf12IndiPropertyE
FNDA:0,_ZN6MagAOX3app7fsmCtrl11appShutdownEv
FNDA:3,_ZN6MagAOX3app7fsmCtrl38newCallBack_m_indiP_conversion_factorsERKN3pcf12IndiPropertyE
FNDA:0,_ZN6MagAOX3app7fsmCtrl9recordFsmEb
FNDA:0,_ZN6MagAOX3app7fsmCtrl12processImageEPvRKNS0_3dev6shmimTE
FNDA:3,_ZN6MagAOX3app7fsmCtrl24newCallBack_m_indiP_val3ERKN3pcf12IndiPropertyE
FNDA:3,_ZN6MagAOX3app7fsmCtrl24newCallBack_m_indiP_val1ERKN3pcf12IndiPropertyE
FNDA:0,_ZN6MagAOX3app7fsmCtrl8allocateERKNS0_3dev6shmimTE
FNDA:0,_ZN6MagAOX3app7fsmCtrl27st_newCallBack_m_indiP_val2EPvRKN3pcf12IndiPropertyE
FNDA:0,_ZN6MagAOX3app7fsmCtrl7receiveEv
FNDA:0,_ZN6MagAOX3app7fsmCtrlD0Ev
FNDA:0,_ZN6MagAOX3app7fsmCtrl11receiveAdcsEv
FNDA:3,_ZN6MagAOX3app7fsmCtrl24newCallBack_m_indiP_dac1ERKN3pcf12IndiPropertyE
FNDA:0,_ZN6MagAOX3app7fsmCtrl12createStreamEv
FNDA:0,_ZN6MagAOX3app7fsmCtrl28st_newCallBack_m_indiP_queryEPvRKN3pcf12IndiPropertyE
FNDA:3,_ZN6MagAOX3app7fsmCtrl24newCallBack_m_indiP_dac3ERKN3pcf12IndiPropertyE
FNDA:0,_ZN6MagAOX3app7fsmCtrl41st_newCallBack_m_indiP_conversion_factorsEPvRKN3pcf12IndiPropertyE
FNDA:0,_ZN6MagAOX3app7fsmCtrl12streamExistsEv
FNDA:27,_ZN6MagAOX3app7fsmCtrlD2Ev
FNDA:0,_ZN6MagAOX3app7fsmCtrl11setupConfigEv
FNDA:0,_ZN6MagAOX3app7fsmCtrl11receiveDacsEv
FNDA:3,_ZN6MagAOX3app7fsmCtrl24newCallBack_m_indiP_dac2ERKN3pcf12IndiPropertyE
FNDA:0,_ZN6MagAOX3app7fsmCtrl8appLogicEv
FNDA:0,_ZN6MagAOX3app7fsmCtrl10loadConfigEv
FNDA:0,_ZN6MagAOX3app7fsmCtrl16checkRecordTimesEv
FNDA:0,_ZN6MagAOX3app7fsmCtrl27st_newCallBack_m_indiP_dac2EPvRKN3pcf12IndiPropertyE
FNDA:0,_ZN6MagAOX3app7fsmCtrl14loadConfigImplERN2mx3app15appConfiguratorE
FNDA:0,_ZN6MagAOX3app7fsmCtrl10commandFSMEPv
FNDA:0,_ZN6MagAOX3app7fsmCtrl27st_newCallBack_m_indiP_val3EPvRKN3pcf12IndiPropertyE
FNDA:0,_ZN6MagAOX3app7fsmCtrl27st_newCallBack_m_indiP_dac3EPvRKN3pcf12IndiPropertyE
FNDA:27,_ZN6MagAOX3app7fsmCtrlC2Ev
FNDA:0,_ZN6MagAOX3app7fsmCtrl27st_newCallBack_m_indiP_val1EPvRKN3pcf12IndiPropertyE
FNDA:0,_ZN6MagAOX3app7fsmCtrl7setDacsEPj
FNF:42
FNH:11
DA:157,0
DA:158,0
DA:159,0
DA:160,0
DA:161,0
DA:162,0
DA:166,0
DA:167,0
DA:168,0
DA:175,27
DA:176,216
DA:177,27
DA:384,27
DA:386,27
DA:387,27
DA:388,27
DA:389,0
DA:391,0
DA:393,0
DA:394,0
DA:397,0
DA:405,0
DA:406,0
DA:407,0
DA:408,0
DA:409,0
DA:410,0
DA:411,0
DA:412,0
DA:413,0
DA:414,0
DA:415,0
DA:418,0
DA:420,0
DA:421,0
DA:423,0
DA:424,0
DA:425,0
DA:426,0
DA:428,0
DA:432,0
DA:433,0
DA:455,0
DA:456,0
DA:457,0
DA:459,0
DA:460,0
DA:461,0
DA:463,0
DA:464,0
DA:465,0
DA:468,0
DA:469,0
DA:470,0
DA:471,0
DA:472,0
DA:473,0
DA:476,0
DA:477,0
DA:480,0
DA:481,0
DA:482,0
DA:484,0
DA:485,0
DA:486,0
DA:487,0
DA:488,0
DA:490,0
DA:491,0
DA:492,0
DA:494,0
DA:495,0
DA:496,0
DA:497,0
DA:498,0
DA:499,0
DA:502,0
DA:504,0
DA:506,0
DA:507,0
DA:510,0
DA:512,0
DA:513,0
DA:516,0
DA:518,0
DA:519,0
DA:522,0
DA:524,0
DA:525,0
DA:528,0
DA:530,0
DA:532,0
DA:534,0
DA:537,0
DA:539,0
DA:542,0
DA:544,0
DA:549,0
DA:550,0
DA:551,0
DA:552,0
DA:553,0
DA:554,0
DA:555,0
DA:556,0
DA:557,0
DA:558,0
DA:559,0
DA:560,0
DA:561,0
DA:562,0
DA:563,0
DA:566,0
DA:567,0
DA:568,0
DA:569,0
DA:570,0
DA:571,0
DA:572,0
DA:573,0
DA:574,0
DA:575,0
DA:576,0
DA:577,0
DA:578,0
DA:579,0
DA:580,0
DA:583,0
DA:584,0
DA:585,0
DA:586,0
DA:587,0
DA:588,0
DA:589,0
DA:590,0
DA:591,0
DA:594,0
DA:595,0
DA:596,0
DA:597,0
DA:598,0
DA:599,0
DA:600,0
DA:601,0
DA:602,0
DA:603,0
DA:604,0
DA:607,0
DA:608,0
DA:609,0
DA:610,0
DA:611,0
DA:614,0
DA:615,0
DA:616,0
DA:618,0
DA:619,0
DA:620,0
DA:621,0
DA:625,0
DA:628,0
DA:630,0
DA:632,0
DA:636,0
DA:638,0
DA:641,0
DA:643,0
DA:645,0
DA:647,0
DA:650,0
DA:661,0
DA:663,0
DA:665,0
DA:669,0
DA:672,0
DA:675,0
DA:680,0
DA:682,0
DA:684,0
DA:686,0
DA:689,0
DA:692,0
DA:694,0
DA:696,0
DA:697,0
DA:701,0
DA:704,0
DA:706,0
DA:707,0
DA:708,0
DA:710,0
DA:717,0
DA:718,0
DA:721,0
DA:722,0
DA:726,0
DA:727,0
DA:728,0
DA:735,0
DA:737,0
DA:739,0
DA:740,0
DA:741,0
DA:743,0
DA:744,0
DA:745,0
DA:747,0
DA:748,0
DA:749,0
DA:751,0
DA:752,0
DA:753,0
DA:754,0
DA:757,0
DA:759,0
DA:761,0
DA:762,0
DA:763,0
DA:765,0
DA:766,0
DA:775,0
DA:777,0
DA:779,0
DA:780,0
DA:781,0
DA:782,0
DA:783,0
DA:785,0
DA:787,0
DA:788,0
DA:789,0
DA:790,0
DA:791,0
DA:793,0
DA:795,0
DA:796,0
DA:797,0
DA:798,0
DA:799,0
DA:801,0
DA:802,0
DA:803,0
DA:805,0
DA:807,0
DA:808,0
DA:811,0
DA:820,0
DA:821,0
DA:827,0
DA:829,0
DA:832,0
DA:834,0
DA:836,0
DA:837,0
DA:839,0
DA:842,0
DA:845,0
DA:847,0
DA:849,0
DA:850,0
DA:853,0
DA:860,0
DA:865,0
DA:866,0
DA:867,0
DA:868,0
DA:872,0
DA:875,0
DA:880,0
DA:882,0
DA:884,0
DA:885,0
DA:888,0
DA:891,0
DA:893,0
DA:897,0
DA:898,0
DA:900,0
DA:901,0
DA:903,0
DA:906,0
DA:907,0
DA:908,0
DA:910,0
DA:912,0
DA:913,0
DA:914,0
DA:916,0
DA:918,0
DA:919,0
DA:920,0
DA:922,0
DA:924,0
DA:925,0
DA:926,0
DA:929,0
DA:930,0
DA:931,0
DA:933,0
DA:935,0
DA:936,0
DA:938,0
DA:943,0
DA:944,0
DA:945,0
DA:947,0
DA:948,0
DA:950,0
DA:954,0
DA:955,0
DA:958,0
DA:960,0
DA:961,0
DA:962,0
DA:964,0
DA:965,0
DA:966,0
DA:967,0
DA:969,0
DA:970,0
DA:973,0
DA:974,0
DA:975,0
DA:979,0
DA:981,0
DA:982,0
DA:983,0
DA:985,0
DA:986,0
DA:987,0
DA:988,0
DA:989,0
DA:992,0
DA:993,0
DA:995,0
DA:998,0
DA:1012,0
DA:1013,0
DA:1014,0
DA:1015,0
DA:1017,0
DA:1018,0
DA:1020,0
DA:1021,0
DA:1026,0
DA:1029,0
DA:1031,0
DA:1033,0
DA:1035,0
DA:1037,0
DA:1039,0
DA:1040,0
DA:1041,0
DA:1043,0
DA:1044,0
DA:1052,3
DA:1055,3
DA:1111,3
DA:1114,3
DA:1171,3
DA:1174,3
DA:1230,3
DA:1233,3
DA:1270,3
DA:1273,3
DA:1324,3
DA:1327,3
DA:1350,3
DA:1353,3
DA:1375,3
DA:1378,3
DA:1424,3
DA:1427,3
DA:1456,0
DA:1460,0
DA:1462,0
DA:1463,0
DA:1464,0
DA:1466,0
DA:1468,0
DA:1469,0
DA:1470,0
DA:1472,0
DA:1474,0
DA:1475,0
DA:1476,0
DA:1479,0
DA:1480,0
DA:1481,0
DA:1482,0
LF:390
LH:25
end_of_record
TN:
SF:/opt/MagAOX/source/MagAOX/apps/modalPSDs/modalPSDs.hpp
FN:163,_ZN6MagAOX3app9modalPSDsD0Ev
FN:163,_ZN6MagAOX3app9modalPSDsD2Ev
FN:215,_ZN6MagAOX3app9modalPSDs30st_newCallBack_m_indiP_psdTimeEPvRKN3pcf12IndiPropertyE
FN:216,_ZN6MagAOX3app9modalPSDs33st_newCallBack_m_indiP_psdAvgTimeEPvRKN3pcf12IndiPropertyE
FN:218,_ZN6MagAOX3app9modalPSDs32st_setCallBack_m_indiP_fpsSourceEPvRKN3pcf12IndiPropertyE
FN:221,_ZN6MagAOX3app9modalPSDsC2Ev
FN:226,_ZN6MagAOX3app9modalPSDs11setupConfigEv
FN:322,_ZN6MagAOX3app9modalPSDs14loadConfigImplERN2mx3app15appConfiguratorE
FN:343,_ZN6MagAOX3app9modalPSDs10loadConfigEv
FN:348,_ZN6MagAOX3app9modalPSDs10appStartupEv
FN:386,_ZN6MagAOX3app9modalPSDs8appLogicEv
FN:399,_ZN6MagAOX3app9modalPSDs11appShutdownEv
FN:437,_ZN6MagAOX3app9modalPSDs8allocateERKNS0_3dev6shmimTE
FN:608,_ZN6MagAOX3app9modalPSDs18allocatePSDStreamsEv
FN:663,_ZN6MagAOX3app9modalPSDs12processImageEPvRKNS0_3dev6shmimTE
FN:674,_ZN6MagAOX3app9modalPSDs14psdThreadStartEPS1_
FN:679,_ZN6MagAOX3app9modalPSDs13psdThreadExecEv
FN:909,_ZN6MagAOX3app9modalPSDs27newCallBack_m_indiP_psdTimeERKN3pcf12IndiPropertyE
FN:938,_ZN6MagAOX3app9modalPSDs30newCallBack_m_indiP_psdAvgTimeERKN3pcf12IndiPropertyE
FN:965,_ZN6MagAOX3app9modalPSDs29setCallBack_m_indiP_fpsSourceERKN3pcf12IndiPropertyE
FNDA:3,_ZN6MagAOX3app9modalPSDs27newCallBack_m_indiP_psdTimeERKN3pcf12IndiPropertyE
FNDA:0,_ZN6MagAOX3app9modalPSDs18allocatePSDStreamsEv
FNDA:0,_ZN6MagAOX3app9modalPSDs13psdThreadExecEv
FNDA:0,_ZN6MagAOX3app9modalPSDs14loadConfigImplERN2mx3app15appConfiguratorE
FNDA:0,_ZN6MagAOX3app9modalPSDs8allocateERKNS0_3dev6shmimTE
FNDA:0,_ZN6MagAOX3app9modalPSDs14psdThreadStartEPS1_
FNDA:0,_ZN6MagAOX3app9modalPSDs11appShutdownEv
FNDA:0,_ZN6MagAOX3app9modalPSDs30st_newCallBack_m_indiP_psdTimeEPvRKN3pcf12IndiPropertyE
FNDA:3,_ZN6MagAOX3app9modalPSDs29setCallBack_m_indiP_fpsSourceERKN3pcf12IndiPropertyE
FNDA:3,_ZN6MagAOX3app9modalPSDs30newCallBack_m_indiP_psdAvgTimeERKN3pcf12IndiPropertyE
FNDA:9,_ZN6MagAOX3app9modalPSDsC2Ev
FNDA:0,_ZN6MagAOX3app9modalPSDs33st_newCallBack_m_indiP_psdAvgTimeEPvRKN3pcf12IndiPropertyE
FNDA:0,_ZN6MagAOX3app9modalPSDs12processImageEPvRKNS0_3dev6shmimTE
FNDA:9,_ZN6MagAOX3app9modalPSDsD2Ev
FNDA:0,_ZN6MagAOX3app9modalPSDs10appStartupEv
FNDA:0,_ZN6MagAOX3app9modalPSDs8appLogicEv
FNDA:0,_ZN6MagAOX3app9modalPSDs11setupConfigEv
FNDA:0,_ZN6MagAOX3app9modalPSDs32st_setCallBack_m_indiP_fpsSourceEPvRKN3pcf12IndiPropertyE
FNDA:0,_ZN6MagAOX3app9modalPSDs10loadConfigEv
FNDA:0,_ZN6MagAOX3app9modalPSDsD0Ev
FNF:20
FNH:5
DA:163,9
DA:164,9
DA:165,9
DA:215,0
DA:216,0
DA:218,0
DA:221,9
DA:223,9
DA:224,0
DA:226,0
DA:228,0
DA:230,0
DA:240,0
DA:251,0
DA:261,0
DA:271,0
DA:281,0
DA:291,0
DA:301,0
DA:311,0
DA:322,0
DA:324,0
DA:326,0
DA:328,0
DA:329,0
DA:331,0
DA:333,0
DA:334,0
DA:335,0
DA:336,0
DA:338,0
DA:340,0
DA:343,0
DA:345,0
DA:346,0
DA:348,0
DA:350,0
DA:351,0
DA:352,0
DA:354,0
DA:355,0
DA:356,0
DA:358,0
DA:360,0
DA:361,0
DA:364,0
DA:366,0
DA:367,0
DA:368,0
DA:370,0
DA:372,0
DA:381,0
DA:383,0
DA:386,0
DA:388,0
DA:390,0
DA:392,0
DA:394,0
DA:396,0
DA:397,0
DA:399,0
DA:402,0
DA:404,0
DA:406,0
DA:408,0
DA:409,0
DA:412,0
DA:414,0
DA:415,0
DA:418,0
DA:420,0
DA:421,0
DA:424,0
DA:426,0
DA:429,0
DA:431,0
DA:434,0
DA:437,0
DA:441,0
DA:445,0
DA:446,0
DA:448,0
DA:450,0
DA:451,0
DA:453,0
DA:456,0
DA:458,0
DA:461,0
DA:463,0
DA:466,0
DA:468,0
DA:470,0
DA:474,0
DA:477,0
DA:478,0
DA:482,0
DA:485,0
DA:486,0
DA:489,0
DA:490,0
DA:492,0
DA:494,0
DA:497,0
DA:499,0
DA:502,0
DA:504,0
DA:506,0
DA:507,0
DA:508,0
DA:511,0
DA:513,0
DA:515,0
DA:516,0
DA:521,0
DA:523,0
DA:527,0
DA:531,0
DA:532,0
DA:535,0
DA:537,0
DA:539,0
DA:541,0
DA:543,0
DA:545,0
DA:548,0
DA:550,0
DA:552,0
DA:558,0
DA:559,0
DA:560,0
DA:562,0
DA:564,0
DA:565,0
DA:567,0
DA:569,0
DA:570,0
DA:580,0
DA:581,0
DA:583,0
DA:587,0
DA:588,0
DA:591,0
DA:594,0
DA:596,0
DA:597,0
DA:599,0
DA:601,0
DA:603,0
DA:605,0
DA:608,0
DA:610,0
DA:612,0
DA:613,0
DA:617,0
DA:618,0
DA:619,0
DA:621,0
DA:623,0
DA:624,0
DA:635,0
DA:637,0
DA:638,0
DA:641,0
DA:642,0
DA:643,0
DA:645,0
DA:646,0
DA:647,0
DA:658,0
DA:660,0
DA:663,0
DA:667,0
DA:669,0
DA:671,0
DA:674,0
DA:676,0
DA:677,0
DA:679,0
DA:681,0
DA:683,0
DA:685,0
DA:688,0
DA:690,0
DA:692,0
DA:695,0
DA:697,0
DA:700,0
DA:702,0
DA:705,0
DA:707,0
DA:709,0
DA:710,0
DA:713,0
DA:714,0
DA:717,0
DA:718,0
DA:721,0
DA:725,0
DA:726,0
DA:728,0
DA:732,0
DA:736,0
DA:739,0
DA:742,0
DA:744,0
DA:746,0
DA:750,0
DA:756,0
DA:759,0
DA:760,0
DA:762,0
DA:764,0
DA:766,0
DA:768,0
DA:770,0
DA:772,0
DA:774,0
DA:776,0
DA:778,0
DA:780,0
DA:781,0
DA:783,0
DA:784,0
DA:788,0
DA:791,0
DA:796,0
DA:799,0
DA:800,0
DA:802,0
DA:803,0
DA:805,0
DA:809,0
DA:811,0
DA:814,0
DA:817,0
DA:819,0
DA:820,0
DA:824,0
DA:826,0
DA:828,0
DA:830,0
DA:832,0
DA:835,0
DA:837,0
DA:839,0
DA:841,0
DA:845,0
DA:848,0
DA:850,0
DA:853,0
DA:855,0
DA:858,0
DA:859,0
DA:862,0
DA:864,0
DA:867,0
DA:870,0
DA:872,0
DA:873,0
DA:879,0
DA:881,0
DA:885,0
DA:887,0
DA:891,0
DA:893,0
DA:896,0
DA:897,0
DA:899,0
DA:903,0
DA:909,3
DA:911,3
DA:938,3
DA:940,3
DA:965,3
DA:967,3
LF:275
LH:11
end_of_record
TN:
SF:/opt/MagAOX/source/MagAOX/apps/observerCtrl/observerCtrl.hpp
FN:149,_ZN6MagAOX3app12observerCtrlD2Ev
FN:149,_ZN6MagAOX3app12observerCtrlD0Ev
FN:222,_ZN6MagAOX3app12observerCtrl32st_newCallBack_m_indiP_observersEPvRKN3pcf12IndiPropertyE
FN:224,_ZN6MagAOX3app12observerCtrl32st_newCallBack_m_indiP_operatorsEPvRKN3pcf12IndiPropertyE
FN:226,_ZN6MagAOX3app12observerCtrl30st_newCallBack_m_indiP_obsNameEPvRKN3pcf12IndiPropertyE
FN:227,_ZN6MagAOX3app12observerCtrl32st_newCallBack_m_indiP_observingEPvRKN3pcf12IndiPropertyE
FN:228,_ZN6MagAOX3app12observerCtrl34st_newCallBack_m_indiP_obsDurationEPvRKN3pcf12IndiPropertyE
FN:230,_ZN6MagAOX3app12observerCtrl26st_newCallBack_m_indiP_swsEPvRKN3pcf12IndiPropertyE
FN:232,_ZN6MagAOX3app12observerCtrl30st_newCallBack_m_indiP_userlogEPvRKN3pcf12IndiPropertyE
FN:234,_ZN6MagAOX3app12observerCtrl34st_newCallBack_m_indiP_resetTargetEPvRKN3pcf12IndiPropertyE
FN:236,_ZN6MagAOX3app12observerCtrl29st_newCallBack_m_indiP_targetEPvRKN3pcf12IndiPropertyE
FN:238,_ZN6MagAOX3app12observerCtrl32st_newCallBack_m_indiP_tcsTargetEPvRKN3pcf12IndiPropertyE
FN:240,_ZN6MagAOX3app12observerCtrl30st_setCallBack_m_indiP_catalogEPvRKN3pcf12IndiPropertyE
FN:242,_ZN6MagAOX3app12observerCtrl30st_setCallBack_m_indiP_catdataEPvRKN3pcf12IndiPropertyE
FN:244,_ZN6MagAOX3app12observerCtrl30st_setCallBack_m_indiP_teldataEPvRKN3pcf12IndiPropertyE
FN:246,_ZN6MagAOX3app12observerCtrl30st_setCallBack_m_indiP_labModeEPvRKN3pcf12IndiPropertyE
FN:248,_ZN6MagAOX3app12observerCtrl27st_setCallBack_m_indiP_loopEPvRKN3pcf12IndiPropertyE
FN:265,_ZN6MagAOX3app12observerCtrlC2Ev
FN:270,_ZN6MagAOX3app12observerCtrl11setupConfigEv
FN:285,_ZN6MagAOX3app12observerCtrl14loadConfigImplERN2mx3app15appConfiguratorE
FN:346,_ZN6MagAOX3app12observerCtrl10loadConfigEv
FN:364,_ZN6MagAOX3app12observerCtrl10appStartupEv
FN:497,_ZN6MagAOX3app12observerCtrl8appLogicEv
FN:588,_ZN6MagAOX3app12observerCtrl11appShutdownEv
FN:595,_ZN6MagAOX3app12observerCtrl14startObservingEv
FN:631,_ZN6MagAOX3app12observerCtrl13stopObservingEv
FN:652,_ZN6MagAOX3app12observerCtrl29newCallBack_m_indiP_observersERKN3pcf12IndiPropertyE
FN:710,_ZN6MagAOX3app12observerCtrl29newCallBack_m_indiP_operatorsERKN3pcf12IndiPropertyE
FN:768,_ZN6MagAOX3app12observerCtrl18timeStampAsISO8601B5cxx11ERKNSt6chrono10time_pointINS2_3_V212system_clockENS2_8durationIlSt5ratioILl1ELl1000000000EEEEEE
FN:787,_ZN6MagAOX3app12observerCtrl27newCallBack_m_indiP_obsNameERKN3pcf12IndiPropertyE
FN:806,_ZN6MagAOX3app12observerCtrl29newCallBack_m_indiP_observingERKN3pcf12IndiPropertyE
FN:832,_ZN6MagAOX3app12observerCtrl31newCallBack_m_indiP_obsDurationERKN3pcf12IndiPropertyE
FN:839,_ZN6MagAOX3app12observerCtrl23newCallBack_m_indiP_swsERKN3pcf12IndiPropertyE
FN:863,_ZN6MagAOX3app12observerCtrl27newCallBack_m_indiP_userlogERKN3pcf12IndiPropertyE
FN:914,_ZN6MagAOX3app12observerCtrl31newCallBack_m_indiP_resetTargetERKN3pcf12IndiPropertyE
FN:939,_ZN6MagAOX3app12observerCtrl26newCallBack_m_indiP_targetERKN3pcf12IndiPropertyE
FN:973,_ZN6MagAOX3app12observerCtrl29newCallBack_m_indiP_tcsTargetERKN3pcf12IndiPropertyE
FN:1007,_ZN6MagAOX3app12observerCtrl27setCallBack_m_indiP_catalogERKN3pcf12IndiPropertyE
FN:1034,_ZN6MagAOX3app12observerCtrl27setCallBack_m_indiP_catdataERKN3pcf12IndiPropertyE
FN:1087,_ZN6MagAOX3app12observerCtrl27setCallBack_m_indiP_teldataERKN3pcf12IndiPropertyE
FN:1099,_ZN6MagAOX3app12observerCtrl27setCallBack_m_indiP_labModeERKN3pcf12IndiPropertyE
FN:1119,_ZN6MagAOX3app12observerCtrl24setCallBack_m_indiP_loopERKN3pcf12IndiPropertyE
FN:1146,_ZN6MagAOX3app12observerCtrl16checkRecordTimesEv
FN:1151,_ZN6MagAOX3app12observerCtrl11recordTelemEPKNS_6logger14telem_observerE
FN:1156,_ZN6MagAOX3app12observerCtrl14recordObserverEb
FNDA:0,_ZN6MagAOX3app12observerCtrl34st_newCallBack_m_indiP_resetTargetEPvRKN3pcf12IndiPropertyE
FNDA:0,_ZN6MagAOX3app12observerCtrl32st_newCallBack_m_indiP_observersEPvRKN3pcf12IndiPropertyE
FNDA:0,_ZN6MagAOX3app12observerCtrl29st_newCallBack_m_indiP_targetEPvRKN3pcf12IndiPropertyE
FNDA:0,_ZN6MagAOX3app12observerCtrl32st_newCallBack_m_indiP_tcsTargetEPvRKN3pcf12IndiPropertyE
FNDA:0,_ZN6MagAOX3app12observerCtrl27setCallBack_m_indiP_teldataERKN3pcf12IndiPropertyE
FNDA:0,_ZN6MagAOX3app12observerCtrl29newCallBack_m_indiP_operatorsERKN3pcf12IndiPropertyE
FNDA:0,_ZN6MagAOX3app12observerCtrl32st_newCallBack_m_indiP_operatorsEPvRKN3pcf12IndiPropertyE
FNDA:0,_ZN6MagAOX3app12observerCtrl14recordObserverEb
FNDA:0,_ZN6MagAOX3app12observerCtrl11recordTelemEPKNS_6logger14telem_observerE
FNDA:0,_ZN6MagAOX3app12observerCtrl27st_setCallBack_m_indiP_loopEPvRKN3pcf12IndiPropertyE
FNDA:0,_ZN6MagAOX3app12observerCtrl27newCallBack_m_indiP_userlogERKN3pcf12IndiPropertyE
FNDA:0,_ZN6MagAOX3app12observerCtrl10appStartupEv
FNDA:0,_ZN6MagAOX3app12observerCtrl14startObservingEv
FNDA:0,_ZN6MagAOX3app12observerCtrl30st_setCallBack_m_indiP_teldataEPvRKN3pcf12IndiPropertyE
FNDA:0,_ZN6MagAOX3app12observerCtrl26newCallBack_m_indiP_targetERKN3pcf12IndiPropertyE
FNDA:0,_ZN6MagAOX3app12observerCtrl8appLogicEv
FNDA:0,_ZN6MagAOX3app12observerCtrl14loadConfigImplERN2mx3app15appConfiguratorE
FNDA:0,_ZN6MagAOX3app12observerCtrl18timeStampAsISO8601B5cxx11ERKNSt6chrono10time_pointINS2_3_V212system_clockENS2_8durationIlSt5ratioILl1ELl1000000000EEEEEE
FNDA:0,_ZN6MagAOX3app12observerCtrl24setCallBack_m_indiP_loopERKN3pcf12IndiPropertyE
FNDA:0,_ZN6MagAOX3app12observerCtrl27setCallBack_m_indiP_catalogERKN3pcf12IndiPropertyE
FNDA:0,_ZN6MagAOX3app12observerCtrl30st_newCallBack_m_indiP_obsNameEPvRKN3pcf12IndiPropertyE
FNDA:12,_ZN6MagAOX3app12observerCtrlC2Ev
FNDA:0,_ZN6MagAOX3app12observerCtrlD0Ev
FNDA:0,_ZN6MagAOX3app12observerCtrl30st_setCallBack_m_indiP_labModeEPvRKN3pcf12IndiPropertyE
FNDA:0,_ZN6MagAOX3app12observerCtrl30st_setCallBack_m_indiP_catalogEPvRKN3pcf12IndiPropertyE
FNDA:0,_ZN6MagAOX3app12observerCtrl31newCallBack_m_indiP_resetTargetERKN3pcf12IndiPropertyE
FNDA:3,_ZN6MagAOX3app12observerCtrl29newCallBack_m_indiP_observingERKN3pcf12IndiPropertyE
FNDA:12,_ZN6MagAOX3app12observerCtrlD2Ev
FNDA:0,_ZN6MagAOX3app12observerCtrl13stopObservingEv
FNDA:3,_ZN6MagAOX3app12observerCtrl27newCallBack_m_indiP_obsNameERKN3pcf12IndiPropertyE
FNDA:0,_ZN6MagAOX3app12observerCtrl32st_newCallBack_m_indiP_observingEPvRKN3pcf12IndiPropertyE
FNDA:3,_ZN6MagAOX3app12observerCtrl29newCallBack_m_indiP_observersERKN3pcf12IndiPropertyE
FNDA:0,_ZN6MagAOX3app12observerCtrl30st_setCallBack_m_indiP_catdataEPvRKN3pcf12IndiPropertyE
FNDA:0,_ZN6MagAOX3app12observerCtrl31newCallBack_m_indiP_obsDurationERKN3pcf12IndiPropertyE
FNDA:0,_ZN6MagAOX3app12observerCtrl27setCallBack_m_indiP_labModeERKN3pcf12IndiPropertyE
FNDA:0,_ZN6MagAOX3app12observerCtrl27setCallBack_m_indiP_catdataERKN3pcf12IndiPropertyE
FNDA:0,_ZN6MagAOX3app12observerCtrl29newCallBack_m_indiP_tcsTargetERKN3pcf12IndiPropertyE
FNDA:0,_ZN6MagAOX3app12observerCtrl11setupConfigEv
FNDA:3,_ZN6MagAOX3app12observerCtrl23newCallBack_m_indiP_swsERKN3pcf12IndiPropertyE
FNDA:0,_ZN6MagAOX3app12observerCtrl10loadConfigEv
FNDA:0,_ZN6MagAOX3app12observerCtrl26st_newCallBack_m_indiP_swsEPvRKN3pcf12IndiPropertyE
FNDA:0,_ZN6MagAOX3app12observerCtrl16checkRecordTimesEv
FNDA:0,_ZN6MagAOX3app12observerCtrl11appShutdownEv
FNDA:0,_ZN6MagAOX3app12observerCtrl34st_newCallBack_m_indiP_obsDurationEPvRKN3pcf12IndiPropertyE
FNDA:0,_ZN6MagAOX3app12observerCtrl30st_newCallBack_m_indiP_userlogEPvRKN3pcf12IndiPropertyE
FNF:45
FNH:6
DA:149,12
DA:150,12
DA:151,12
DA:222,0
DA:224,0
DA:226,0
DA:227,0
DA:228,0
DA:230,0
DA:232,0
DA:234,0
DA:236,0
DA:238,0
DA:240,0
DA:242,0
DA:244,0
DA:246,0
DA:248,0
DA:265,12
DA:267,12
DA:268,0
DA:270,0
DA:272,0
DA:282,0
DA:283,0
DA:285,0
DA:287,0
DA:289,0
DA:291,0
DA:293,0
DA:295,0
DA:296,0
DA:299,0
DA:301,0
DA:302,0
DA:303,0
DA:305,0
DA:307,0
DA:308,0
DA:310,0
DA:311,0
DA:313,0
DA:315,0
DA:318,0
DA:319,0
DA:321,0
DA:322,0
DA:324,0
DA:325,0
DA:327,0
DA:329,0
DA:331,0
DA:333,0
DA:337,0
DA:340,0
DA:341,0
DA:343,0
DA:344,0
DA:346,0
DA:348,0
DA:350,0
DA:351,0
DA:354,0
DA:356,0
DA:357,0
DA:358,0
DA:361,0
DA:364,0
DA:366,0
DA:367,0
DA:368,0
DA:370,0
DA:371,0
DA:374,0
DA:376,0
DA:377,0
DA:382,0
DA:384,0
DA:386,0
DA:387,0
DA:391,0
DA:395,0
DA:397,0
DA:399,0
DA:400,0
DA:405,0
DA:407,0
DA:409,0
DA:410,0
DA:414,0
DA:418,0
DA:420,0
DA:422,0
DA:424,0
DA:426,0
DA:427,0
DA:428,0
DA:430,0
DA:431,0
DA:432,0
DA:434,0
DA:435,0
DA:436,0
DA:438,0
DA:439,0
DA:440,0
DA:441,0
DA:442,0
DA:443,0
DA:445,0
DA:446,0
DA:447,0
DA:448,0
DA:449,0
DA:450,0
DA:452,0
DA:453,0
DA:454,0
DA:455,0
DA:456,0
DA:457,0
DA:459,0
DA:461,0
DA:464,0
DA:466,0
DA:467,0
DA:468,0
DA:469,0
DA:470,0
DA:471,0
DA:472,0
DA:473,0
DA:474,0
DA:476,0
DA:478,0
DA:480,0
DA:482,0
DA:484,0
DA:485,0
DA:486,0
DA:487,0
DA:489,0
DA:491,0
DA:493,0
DA:494,0
DA:495,0
DA:497,0
DA:500,0
DA:502,0
DA:504,0
DA:506,0
DA:507,0
DA:508,0
DA:509,0
DA:510,0
DA:512,0
DA:514,0
DA:516,0
DA:517,0
DA:521,0
DA:522,0
DA:526,0
DA:528,0
DA:529,0
DA:530,0
DA:531,0
DA:532,0
DA:534,0
DA:536,0
DA:538,0
DA:539,0
DA:543,0
DA:544,0
DA:548,0
DA:550,0
DA:552,0
DA:554,0
DA:555,0
DA:556,0
DA:558,0
DA:559,0
DA:561,0
DA:562,0
DA:563,0
DA:565,0
DA:566,0
DA:567,0
DA:569,0
DA:571,0
DA:576,0
DA:577,0
DA:578,0
DA:579,0
DA:583,0
DA:585,0
DA:586,0
DA:588,0
DA:590,0
DA:592,0
DA:595,0
DA:597,0
DA:599,0
DA:601,0
DA:603,0
DA:604,0
DA:605,0
DA:606,0
DA:608,0
DA:609,0
DA:612,0
DA:614,0
DA:615,0
DA:616,0
DA:618,0
DA:620,0
DA:621,0
DA:622,0
DA:624,0
DA:627,0
DA:628,0
DA:629,0
DA:631,0
DA:633,0
DA:634,0
DA:636,0
DA:638,0
DA:640,0
DA:642,0
DA:643,0
DA:644,0
DA:645,0
DA:647,0
DA:648,0
DA:650,0
DA:652,3
DA:655,3
DA:710,0
DA:713,0
DA:768,0
DA:771,0
DA:772,0
DA:775,0
DA:776,0
DA:777,0
DA:780,0
DA:781,0
DA:782,0
DA:784,0
DA:785,0
DA:787,3
DA:789,3
DA:806,3
DA:808,3
DA:832,0
DA:834,0
DA:839,3
DA:841,3
DA:863,0
DA:865,0
DA:914,0
DA:916,0
DA:939,0
DA:941,0
DA:973,0
DA:975,0
DA:1007,0
DA:1009,0
DA:1034,0
DA:1036,0
DA:1087,0
DA:1089,0
DA:1099,0
DA:1101,0
DA:1119,0
DA:1121,0
DA:1146,0
DA:1148,0
DA:1151,0
DA:1153,0
DA:1156,0
DA:1158,0
DA:1159,0
DA:1161,0
DA:1162,0
DA:1164,0
DA:1165,0
DA:1167,0
DA:1168,0
DA:1170,0
DA:1171,0
DA:1172,0
DA:1173,0
DA:1174,0
DA:1177,0
LF:294
LH:13
end_of_record
TN:
SF:/opt/MagAOX/source/MagAOX/apps/ocam2KCtrl/ocamUtils.hpp
FN:71,_ZN6MagAOX3app10parseTempsERNS0_9ocamTempsERKNSt7__cxx1112basic_stringIcSt11char_traitsIcESaIcEEE
FN:104,_ZN6MagAOX3app8parseFPSERfRKNSt7__cxx1112basic_stringIcSt11char_traitsIcESaIcEEE
FN:131,_ZN6MagAOX3app11parseEMGainERjRKNSt7__cxx1112basic_stringIcSt11char_traitsIcESaIcEEE
FNDA:2,_ZN6MagAOX3app10parseTempsERNS0_9ocamTempsERKNSt7__cxx1112basic_stringIcSt11char_traitsIcESaIcEEE
FNDA:8,_ZN6MagAOX3app11parseEMGainERjRKNSt7__cxx1112basic_stringIcSt11char_traitsIcESaIcEEE
FNDA:0,_ZN6MagAOX3app8parseFPSERfRKNSt7__cxx1112basic_stringIcSt11char_traitsIcESaIcEEE
FNF:3
FNH:2
DA:71,2
DA:75,2
DA:76,2
DA:78,2
DA:79,1
DA:81,1
DA:82,1
DA:83,1
DA:84,1
DA:85,1
DA:86,1
DA:87,1
DA:88,1
DA:89,1
DA:91,1
DA:92,2
DA:104,0
DA:108,0
DA:109,0
DA:111,0
DA:112,0
DA:114,0
DA:116,0
DA:117,0
DA:131,8
DA:135,8
DA:136,8
DA:138,8
DA:140,3
DA:141,3
DA:144,5
DA:146,5
DA:148,3
DA:149,3
DA:152,2
DA:153,8
LF:36
LH:28
end_of_record
TN:
SF:/opt/MagAOX/source/MagAOX/apps/rhusbMon/rhusbMonParsers.hpp
FN:26,_ZN6MagAOX3app2RH6parseCERfRKNSt7__cxx1112basic_stringIcSt11char_traitsIcESaIcEEE
FN:61,_ZN6MagAOX3app2RH6parseHERfRKNSt7__cxx1112basic_stringIcSt11char_traitsIcESaIcEEE
FNDA:11,_ZN6MagAOX3app2RH6parseHERfRKNSt7__cxx1112basic_stringIcSt11char_traitsIcESaIcEEE
FNDA:10,_ZN6MagAOX3app2RH6parseCERfRKNSt7__cxx1112basic_stringIcSt11char_traitsIcESaIcEEE
FNF:2
FNH:2
DA:26,10
DA:30,10
DA:31,10
DA:33,4
DA:34,4
DA:37,6
DA:39,1
DA:40,1
DA:43,5
DA:45,1
DA:46,1
DA:49,4
DA:51,4
DA:61,11
DA:65,11
DA:66,11
DA:68,4
DA:69,4
DA:72,7
DA:74,1
DA:75,1
DA:78,6
DA:80,2
DA:81,2
DA:84,4
DA:86,4
LF:26
LH:26
end_of_record
TN:
SF:/opt/MagAOX/source/MagAOX/apps/siglentSDG/siglentSDG.hpp
FN:108,_ZN6MagAOX3app10siglentSDGD0Ev
FN:108,_ZN6MagAOX3app10siglentSDGD2Ev
FN:408,_ZN6MagAOX3app10siglentSDG29st_newCallBack_m_indiP_C1outpEPvRKN3pcf12IndiPropertyE
FN:409,_ZN6MagAOX3app10siglentSDG29st_newCallBack_m_indiP_C1freqEPvRKN3pcf12IndiPropertyE
FN:410,_ZN6MagAOX3app10siglentSDG28st_newCallBack_m_indiP_C1ampEPvRKN3pcf12IndiPropertyE
FN:411,_ZN6MagAOX3app10siglentSDG29st_newCallBack_m_indiP_C1ofstEPvRKN3pcf12IndiPropertyE
FN:412,_ZN6MagAOX3app10siglentSDG29st_newCallBack_m_indiP_C1phseEPvRKN3pcf12IndiPropertyE
FN:413,_ZN6MagAOX3app10siglentSDG29st_newCallBack_m_indiP_C1wdthEPvRKN3pcf12IndiPropertyE
FN:414,_ZN6MagAOX3app10siglentSDG29st_newCallBack_m_indiP_C1wvtpEPvRKN3pcf12IndiPropertyE
FN:415,_ZN6MagAOX3app10siglentSDG29st_newCallBack_m_indiP_C1syncEPvRKN3pcf12IndiPropertyE
FN:417,_ZN6MagAOX3app10siglentSDG29st_newCallBack_m_indiP_C2outpEPvRKN3pcf12IndiPropertyE
FN:418,_ZN6MagAOX3app10siglentSDG29st_newCallBack_m_indiP_C2freqEPvRKN3pcf12IndiPropertyE
FN:419,_ZN6MagAOX3app10siglentSDG28st_newCallBack_m_indiP_C2ampEPvRKN3pcf12IndiPropertyE
FN:420,_ZN6MagAOX3app10siglentSDG29st_newCallBack_m_indiP_C2ofstEPvRKN3pcf12IndiPropertyE
FN:421,_ZN6MagAOX3app10siglentSDG29st_newCallBack_m_indiP_C2phseEPvRKN3pcf12IndiPropertyE
FN:422,_ZN6MagAOX3app10siglentSDG29st_newCallBack_m_indiP_C2wdthEPvRKN3pcf12IndiPropertyE
FN:423,_ZN6MagAOX3app10siglentSDG29st_newCallBack_m_indiP_C2wvtpEPvRKN3pcf12IndiPropertyE
FN:424,_ZN6MagAOX3app10siglentSDG29st_newCallBack_m_indiP_C2syncEPvRKN3pcf12IndiPropertyE
FN:444,_ZN6MagAOX3app10siglentSDGC2Ev
FN:452,_ZN6MagAOX3app10siglentSDG11setupConfigEv
FN:470,_ZN6MagAOX3app10siglentSDG10loadConfigEv
FN:489,_ZN6MagAOX3app10siglentSDG10appStartupEv
FN:621,_ZN6MagAOX3app10siglentSDG8appLogicEv
FN:925,_ZN6MagAOX3app10siglentSDG10onPowerOffEv
FN:990,_ZN6MagAOX3app10siglentSDG13whilePowerOffEv
FN:996,_ZN6MagAOX3app10siglentSDG11appShutdownEv
FN:1004,_ZN6MagAOX3app10siglentSDG9writeReadERNSt7__cxx1112basic_stringIcSt11char_traitsIcESaIcEEERKS7_
FN:1040,_ZN6MagAOX3app10siglentSDG12writeCommandERKNSt7__cxx1112basic_stringIcSt11char_traitsIcESaIcEEE
FN:1069,_ZN6MagAOX3app11makeCommandEiRKNSt7__cxx1112basic_stringIcSt11char_traitsIcESaIcEEE
FN:1083,_ZN6MagAOX3app10siglentSDG9queryMDWVERNSt7__cxx1112basic_stringIcSt11char_traitsIcESaIcEEEi
FN:1128,_ZN6MagAOX3app10siglentSDG9querySWWVERNSt7__cxx1112basic_stringIcSt11char_traitsIcESaIcEEEi
FN:1173,_ZN6MagAOX3app10siglentSDG9queryBTWVERNSt7__cxx1112basic_stringIcSt11char_traitsIcESaIcEEEi
FN:1218,_ZN6MagAOX3app10siglentSDG9queryARWVERii
FN:1263,_ZN6MagAOX3app10siglentSDG9queryBSWVEi
FN:1358,_ZN6MagAOX3app10siglentSDG9querySYNCERbi
FN:1403,_ZN6MagAOX3app10siglentSDG9queryOUTPEi
FN:1463,_ZN6MagAOX3app10siglentSDG10checkSetupEv
FN:1602,_ZN6MagAOX3app10siglentSDG14normalizeSetupEv
FN:1693,_ZN6MagAOX3app10siglentSDG10changeOutpEiRKNSt7__cxx1112basic_stringIcSt11char_traitsIcESaIcEEE
FN:1770,_ZN6MagAOX3app10siglentSDG10changeFreqEid
FN:1890,_ZN6MagAOX3app10siglentSDG9changeAmpEid
FN:2008,_ZN6MagAOX3app10siglentSDG10changeOfstEid
FN:2092,_ZN6MagAOX3app10siglentSDG10changePhseEid
FN:2154,_ZN6MagAOX3app10siglentSDG10changeWdthEid
FN:2217,_ZN6MagAOX3app10siglentSDG10changeWvtpEiRKNSt7__cxx1112basic_stringIcSt11char_traitsIcESaIcEEE
FN:2274,_ZN6MagAOX3app10siglentSDG10changeSyncEib
FN:2339,_ZN6MagAOX3app10siglentSDG26newCallBack_m_indiP_C1outpERKN3pcf12IndiPropertyE
FN:2347,_ZN6MagAOX3app10siglentSDG26newCallBack_m_indiP_C1freqERKN3pcf12IndiPropertyE
FN:2354,_ZN6MagAOX3app10siglentSDG25newCallBack_m_indiP_C1ampERKN3pcf12IndiPropertyE
FN:2361,_ZN6MagAOX3app10siglentSDG26newCallBack_m_indiP_C1ofstERKN3pcf12IndiPropertyE
FN:2368,_ZN6MagAOX3app10siglentSDG26newCallBack_m_indiP_C1phseERKN3pcf12IndiPropertyE
FN:2375,_ZN6MagAOX3app10siglentSDG26newCallBack_m_indiP_C1wdthERKN3pcf12IndiPropertyE
FN:2382,_ZN6MagAOX3app10siglentSDG26newCallBack_m_indiP_C1wvtpERKN3pcf12IndiPropertyE
FN:2389,_ZN6MagAOX3app10siglentSDG26newCallBack_m_indiP_C1syncERKN3pcf12IndiPropertyE
FN:2396,_ZN6MagAOX3app10siglentSDG26newCallBack_m_indiP_C2outpERKN3pcf12IndiPropertyE
FN:2403,_ZN6MagAOX3app10siglentSDG26newCallBack_m_indiP_C2freqERKN3pcf12IndiPropertyE
FN:2410,_ZN6MagAOX3app10siglentSDG25newCallBack_m_indiP_C2ampERKN3pcf12IndiPropertyE
FN:2417,_ZN6MagAOX3app10siglentSDG26newCallBack_m_indiP_C2ofstERKN3pcf12IndiPropertyE
FN:2424,_ZN6MagAOX3app10siglentSDG26newCallBack_m_indiP_C2phseERKN3pcf12IndiPropertyE
FN:2431,_ZN6MagAOX3app10siglentSDG26newCallBack_m_indiP_C2wdthERKN3pcf12IndiPropertyE
FN:2438,_ZN6MagAOX3app10siglentSDG26newCallBack_m_indiP_C2wvtpERKN3pcf12IndiPropertyE
FN:2445,_ZN6MagAOX3app10siglentSDG26newCallBack_m_indiP_C2syncERKN3pcf12IndiPropertyE
FN:2457,_ZN6MagAOX3app10siglentSDG16checkRecordTimesEv
FN:2463,_ZN6MagAOX3app10siglentSDG11recordTelemEPKNS_6logger12telem_fxngenE
FN:2469,_ZN6MagAOX3app10siglentSDG12recordParamsEb
FNDA:0,_ZN6MagAOX3app10siglentSDG11recordTelemEPKNS_6logger12telem_fxngenE
FNDA:0,_ZN6MagAOX3app10siglentSDG9changeAmpEid
FNDA:0,_ZN6MagAOX3app10siglentSDG14normalizeSetupEv
FNDA:0,_ZN6MagAOX3app10siglentSDG11appShutdownEv
FNDA:3,_ZN6MagAOX3app10siglentSDG26newCallBack_m_indiP_C1wdthERKN3pcf12IndiPropertyE
FNDA:3,_ZN6MagAOX3app10siglentSDG26newCallBack_m_indiP_C1ofstERKN3pcf12IndiPropertyE
FNDA:0,_ZN6MagAOX3app10siglentSDG29st_newCallBack_m_indiP_C1freqEPvRKN3pcf12IndiPropertyE
FNDA:0,_ZN6MagAOX3app10siglentSDG29st_newCallBack_m_indiP_C1syncEPvRKN3pcf12IndiPropertyE
FNDA:0,_ZN6MagAOX3app10siglentSDG29st_newCallBack_m_indiP_C1wdthEPvRKN3pcf12IndiPropertyE
FNDA:0,_ZN6MagAOX3app10siglentSDG9queryOUTPEi
FNDA:0,_ZN6MagAOX3app10siglentSDG9queryBTWVERNSt7__cxx1112basic_stringIcSt11char_traitsIcESaIcEEEi
FNDA:3,_ZN6MagAOX3app10siglentSDG26newCallBack_m_indiP_C2ofstERKN3pcf12IndiPropertyE
FNDA:0,_ZN6MagAOX3app10siglentSDG10changeOutpEiRKNSt7__cxx1112basic_stringIcSt11char_traitsIcESaIcEEE
FNDA:0,_ZN6MagAOX3app10siglentSDG9queryBSWVEi
FNDA:0,_ZN6MagAOX3app10siglentSDG8appLogicEv
FNDA:0,_ZN6MagAOX3app10siglentSDGD0Ev
FNDA:3,_ZN6MagAOX3app10siglentSDG26newCallBack_m_indiP_C1outpERKN3pcf12IndiPropertyE
FNDA:3,_ZN6MagAOX3app10siglentSDG26newCallBack_m_indiP_C2wvtpERKN3pcf12IndiPropertyE
FNDA:48,_ZN6MagAOX3app10siglentSDGD2Ev
FNDA:0,_ZN6MagAOX3app10siglentSDG9queryARWVERii
FNDA:3,_ZN6MagAOX3app10siglentSDG26newCallBack_m_indiP_C2freqERKN3pcf12IndiPropertyE
FNDA:0,_ZN6MagAOX3app10siglentSDG28st_newCallBack_m_indiP_C1ampEPvRKN3pcf12IndiPropertyE
FNDA:0,_ZN6MagAOX3app10siglentSDG12writeCommandERKNSt7__cxx1112basic_stringIcSt11char_traitsIcESaIcEEE
FNDA:3,_ZN6MagAOX3app10siglentSDG26newCallBack_m_indiP_C1freqERKN3pcf12IndiPropertyE
FNDA:3,_ZN6MagAOX3app10siglentSDG26newCallBack_m_indiP_C2syncERKN3pcf12IndiPropertyE
FNDA:0,_ZN6MagAOX3app10siglentSDG29st_newCallBack_m_indiP_C1wvtpEPvRKN3pcf12IndiPropertyE
FNDA:3,_ZN6MagAOX3app10siglentSDG26newCallBack_m_indiP_C1wvtpERKN3pcf12IndiPropertyE
FNDA:0,_ZN6MagAOX3app10siglentSDG10changeWvtpEiRKNSt7__cxx1112basic_stringIcSt11char_traitsIcESaIcEEE
FNDA:3,_ZN6MagAOX3app10siglentSDG26newCallBack_m_indiP_C1phseERKN3pcf12IndiPropertyE
FNDA:0,_ZN6MagAOX3app10siglentSDG9queryMDWVERNSt7__cxx1112basic_stringIcSt11char_traitsIcESaIcEEEi
FNDA:0,_ZN6MagAOX3app10siglentSDG10changeOfstEid
FNDA:3,_ZN6MagAOX3app10siglentSDG26newCallBack_m_indiP_C2phseERKN3pcf12IndiPropertyE
FNDA:0,_ZN6MagAOX3app10siglentSDG9writeReadERNSt7__cxx1112basic_stringIcSt11char_traitsIcESaIcEEERKS7_
FNDA:0,_ZN6MagAOX3app10siglentSDG10onPowerOffEv
FNDA:0,_ZN6MagAOX3app10siglentSDG29st_newCallBack_m_indiP_C1phseEPvRKN3pcf12IndiPropertyE
FNDA:0,_ZN6MagAOX3app10siglentSDG10checkSetupEv
FNDA:0,_ZN6MagAOX3app10siglentSDG29st_newCallBack_m_indiP_C2outpEPvRKN3pcf12IndiPropertyE
FNDA:0,_ZN6MagAOX3app10siglentSDG10changeSyncEib
FNDA:3,_ZN6MagAOX3app10siglentSDG26newCallBack_m_indiP_C2outpERKN3pcf12IndiPropertyE
FNDA:0,_ZN6MagAOX3app10siglentSDG10appStartupEv
FNDA:48,_ZN6MagAOX3app10siglentSDGC2Ev
FNDA:3,_ZN6MagAOX3app10siglentSDG25newCallBack_m_indiP_C1ampERKN3pcf12IndiPropertyE
FNDA:0,_ZN6MagAOX3app10siglentSDG9querySWWVERNSt7__cxx1112basic_stringIcSt11char_traitsIcESaIcEEEi
FNDA:0,_ZN6MagAOX3app10siglentSDG29st_newCallBack_m_indiP_C2wdthEPvRKN3pcf12IndiPropertyE
FNDA:0,_ZN6MagAOX3app10siglentSDG10changeFreqEid
FNDA:0,_ZN6MagAOX3app10siglentSDG10changeWdthEid
FNDA:0,_ZN6MagAOX3app10siglentSDG10changePhseEid
FNDA:0,_ZN6MagAOX3app10siglentSDG29st_newCallBack_m_indiP_C2wvtpEPvRKN3pcf12IndiPropertyE
FNDA:0,_ZN6MagAOX3app10siglentSDG28st_newCallBack_m_indiP_C2ampEPvRKN3pcf12IndiPropertyE
FNDA:3,_ZN6MagAOX3app10siglentSDG25newCallBack_m_indiP_C2ampERKN3pcf12IndiPropertyE
FNDA:3,_ZN6MagAOX3app10siglentSDG26newCallBack_m_indiP_C2wdthERKN3pcf12IndiPropertyE
FNDA:0,_ZN6MagAOX3app10siglentSDG11setupConfigEv
FNDA:3,_ZN6MagAOX3app10siglentSDG26newCallBack_m_indiP_C1syncERKN3pcf12IndiPropertyE
FNDA:0,_ZN6MagAOX3app10siglentSDG29st_newCallBack_m_indiP_C2phseEPvRKN3pcf12IndiPropertyE
FNDA:0,_ZN6MagAOX3app10siglentSDG29st_newCallBack_m_indiP_C2syncEPvRKN3pcf12IndiPropertyE
FNDA:0,_ZN6MagAOX3app10siglentSDG29st_newCallBack_m_indiP_C2ofstEPvRKN3pcf12IndiPropertyE
FNDA:0,_ZN6MagAOX3app10siglentSDG29st_newCallBack_m_indiP_C1outpEPvRKN3pcf12IndiPropertyE
FNDA:0,_ZN6MagAOX3app10siglentSDG9querySYNCERbi
FNDA:0,_ZN6MagAOX3app10siglentSDG16checkRecordTimesEv
FNDA:0,_ZN6MagAOX3app10siglentSDG12recordParamsEb
FNDA:0,_ZN6MagAOX3app10siglentSDG29st_newCallBack_m_indiP_C2freqEPvRKN3pcf12IndiPropertyE
FNDA:0,_ZN6MagAOX3app10siglentSDG10loadConfigEv
FNDA:0,_ZN6MagAOX3app10siglentSDG13whilePowerOffEv
FNDA:0,_ZN6MagAOX3app11makeCommandEiRKNSt7__cxx1112basic_stringIcSt11char_traitsIcESaIcEEE
FNDA:0,_ZN6MagAOX3app10siglentSDG29st_newCallBack_m_indiP_C1ofstEPvRKN3pcf12IndiPropertyE
FNF:65
FNH:18
DA:108,48
DA:109,48
DA:408,0
DA:409,0
DA:410,0
DA:411,0
DA:412,0
DA:413,0
DA:414,0
DA:415,0
DA:417,0
DA:418,0
DA:419,0
DA:420,0
DA:421,0
DA:422,0
DA:423,0
DA:424,0
DA:444,48
DA:446,48
DA:447,48
DA:448,48
DA:449,0
DA:452,0
DA:454,0
DA:455,0
DA:457,0
DA:458,0
DA:460,0
DA:461,0
DA:463,0
DA:464,0
DA:466,0
DA:467,0
DA:470,0
DA:472,0
DA:473,0
DA:475,0
DA:476,0
DA:478,0
DA:479,0
DA:481,0
DA:482,0
DA:485,0
DA:486,0
DA:489,0
DA:492,0
DA:493,0
DA:494,0
DA:496,0
DA:497,0
DA:498,0
DA:501,0
DA:503,0
DA:504,0
DA:507,0
DA:509,0
DA:510,0
DA:512,0
DA:513,0
DA:514,0
DA:516,0
DA:517,0
DA:518,0
DA:519,0
DA:522,0
DA:523,0
DA:524,0
DA:525,0
DA:528,0
DA:529,0
DA:530,0
DA:532,0
DA:533,0
DA:534,0
DA:536,0
DA:537,0
DA:538,0
DA:540,0
DA:541,0
DA:542,0
DA:544,0
DA:545,0
DA:546,0
DA:548,0
DA:549,0
DA:551,0
DA:552,0
DA:555,0
DA:556,0
DA:557,0
DA:559,0
DA:560,0
DA:561,0
DA:563,0
DA:564,0
DA:565,0
DA:567,0
DA:568,0
DA:569,0
DA:571,0
DA:573,0
DA:574,0
DA:575,0
DA:578,0
DA:580,0
DA:581,0
DA:582,0
DA:585,0
DA:586,0
DA:587,0
DA:589,0
DA:590,0
DA:591,0
DA:593,0
DA:594,0
DA:595,0
DA:597,0
DA:598,0
DA:599,0
DA:601,0
DA:602,0
DA:603,0
DA:605,0
DA:606,0
DA:608,0
DA:609,0
DA:612,0
DA:614,0
DA:617,0
DA:621,0
DA:624,0
DA:626,0
DA:628,0
DA:629,0
DA:633,0
DA:635,0
DA:640,0
DA:642,0
DA:646,0
DA:648,0
DA:650,0
DA:656,0
DA:657,0
DA:660,0
DA:662,0
DA:663,0
DA:665,0
DA:667,0
DA:668,0
DA:670,0
DA:672,0
DA:673,0
DA:675,0
DA:676,0
DA:677,0
DA:678,0
DA:681,0
DA:683,0
DA:684,0
DA:685,0
DA:686,0
DA:687,0
DA:692,0
DA:694,0
DA:695,0
DA:696,0
DA:697,0
DA:699,0
DA:701,0
DA:705,0
DA:708,0
DA:709,0
DA:711,0
DA:714,0
DA:716,0
DA:717,0
DA:720,0
DA:723,0
DA:725,0
DA:729,0
DA:731,0
DA:733,0
DA:735,0
DA:738,0
DA:740,0
DA:742,0
DA:744,0
DA:747,0
DA:749,0
DA:750,0
DA:752,0
DA:753,0
DA:756,0
DA:759,0
DA:760,0
DA:764,0
DA:766,0
DA:770,0
DA:773,0
DA:778,0
DA:779,0
DA:781,0
DA:783,0
DA:786,0
DA:787,0
DA:789,0
DA:791,0
DA:793,0
DA:795,0
DA:796,0
DA:798,0
DA:803,0
DA:805,0
DA:807,0
DA:809,0
DA:811,0
DA:812,0
DA:814,0
DA:817,0
DA:820,0
DA:822,0
DA:826,0
DA:829,0
DA:831,0
DA:833,0
DA:835,0
DA:837,0
DA:838,0
DA:840,0
DA:843,0
DA:846,0
DA:848,0
DA:852,0
DA:855,0
DA:857,0
DA:858,0
DA:860,0
DA:864,0
DA:866,0
DA:868,0
DA:869,0
DA:871,0
DA:874,0
DA:876,0
DA:878,0
DA:879,0
DA:881,0
DA:884,0
DA:886,0
DA:890,0
DA:893,0
DA:896,0
DA:898,0
DA:899,0
DA:902,0
DA:904,0
DA:906,0
DA:908,0
DA:913,0
DA:915,0
DA:919,0
DA:920,0
DA:925,0
DA:927,0
DA:929,0
DA:930,0
DA:931,0
DA:932,0
DA:933,0
DA:935,0
DA:936,0
DA:938,0
DA:940,0
DA:941,0
DA:943,0
DA:945,0
DA:946,0
DA:948,0
DA:949,0
DA:950,0
DA:951,0
DA:952,0
DA:953,0
DA:954,0
DA:955,0
DA:958,0
DA:959,0
DA:960,0
DA:961,0
DA:962,0
DA:964,0
DA:965,0
DA:967,0
DA:969,0
DA:970,0
DA:972,0
DA:974,0
DA:975,0
DA:977,0
DA:978,0
DA:979,0
DA:980,0
DA:981,0
DA:982,0
DA:983,0
DA:984,0
DA:986,0
DA:987,0
DA:990,0
DA:992,0
DA:996,0
DA:998,0
DA:1000,0
DA:1004,0
DA:1009,0
DA:1010,0
DA:1012,0
DA:1014,0
DA:1015,0
DA:1016,0
DA:1017,0
DA:1018,0
DA:1022,0
DA:1023,0
DA:1025,0
DA:1026,0
DA:1029,0
DA:1030,0
DA:1032,0
DA:1033,0
DA:1035,0
DA:1040,0
DA:1043,0
DA:1044,0
DA:1046,0
DA:1047,0
DA:1051,0
DA:1052,0
DA:1054,0
DA:1055,0
DA:1058,0
DA:1059,0
DA:1061,0
DA:1062,0
DA:1065,0
DA:1069,0
DA:1073,0
DA:1074,0
DA:1075,0
DA:1076,0
DA:1077,0
DA:1079,0
DA:1080,0
DA:1083,0
DA:1089,0
DA:1091,0
DA:1093,0
DA:1095,0
DA:1097,0
DA:1099,0
DA:1100,0
DA:1104,0
DA:1106,0
DA:1108,0
DA:1110,0
DA:1112,0
DA:1113,0
DA:1116,0
DA:1120,0
DA:1121,0
DA:1124,0
DA:1125,0
DA:1128,0
DA:1134,0
DA:1136,0
DA:1138,0
DA:1140,0
DA:1142,0
DA:1144,0
DA:1145,0
DA:1149,0
DA:1151,0
DA:1153,0
DA:1155,0
DA:1157,0
DA:1158,0
DA:1161,0
DA:1165,0
DA:1166,0
DA:1169,0
DA:1170,0
DA:1173,0
DA:1179,0
DA:1181,0
DA:1183,0
DA:1185,0
DA:1187,0
DA:1189,0
DA:1190,0
DA:1194,0
DA:1196,0
DA:1198,0
DA:1200,0
DA:1202,0
DA:1203,0
DA:1206,0
DA:1210,0
DA:1211,0
DA:1214,0
DA:1215,0
DA:1218,0
DA:1224,0
DA:1226,0
DA:1228,0
DA:1230,0
DA:1232,0
DA:1234,0
DA:1235,0
DA:1241,0
DA:1243,0
DA:1245,0
DA:1247,0
DA:1248,0
DA:1251,0
DA:1255,0
DA:1256,0
DA:1259,0
DA:1260,0
DA:1263,0
DA:1267,0
DA:1269,0
DA:1271,0
DA:1273,0
DA:1275,0
DA:1277,0
DA:1278,0
DA:1282,0
DA:1285,0
DA:1287,0
DA:1289,0
DA:1291,0
DA:1292,0
DA:1295,0
DA:1297,0
DA:1298,0
DA:1299,0
DA:1300,0
DA:1301,0
DA:1302,0
DA:1304,0
DA:1305,0
DA:1307,0
DA:1309,0
DA:1310,0
DA:1311,0
DA:1313,0
DA:1315,0
DA:1316,0
DA:1317,0
DA:1318,0
DA:1319,0
DA:1320,0
DA:1322,0
DA:1324,0
DA:1325,0
DA:1326,0
DA:1327,0
DA:1328,0
DA:1329,0
DA:1331,0
DA:1332,0
DA:1334,0
DA:1336,0
DA:1337,0
DA:1338,0
DA:1339,0
DA:1340,0
DA:1341,0
DA:1342,0
DA:1343,0
DA:1344,0
DA:1345,0
DA:1350,0
DA:1351,0
DA:1354,0
DA:1355,0
DA:1358,0
DA:1364,0
DA:1366,0
DA:1368,0
DA:1370,0
DA:1372,0
DA:1374,0
DA:1375,0
DA:1381,0
DA:1383,0
DA:1385,0
DA:1387,0
DA:1388,0
DA:1391,0
DA:1395,0
DA:1396,0
DA:1399,0
DA:1400,0
DA:1403,0
DA:1407,0
DA:1409,0
DA:1411,0
DA:1413,0
DA:1415,0
DA:1417,0
DA:1418,0
DA:1424,0
DA:1426,0
DA:1428,0
DA:1430,0
DA:1431,0
DA:1434,0
DA:1435,0
DA:1436,0
DA:1437,0
DA:1439,0
DA:1441,0
DA:1442,0
DA:1443,0
DA:1446,0
DA:1448,0
DA:1449,0
DA:1450,0
DA:1452,0
DA:1455,0
DA:1456,0
DA:1459,0
DA:1460,0
DA:1463,0
DA:1465,0
DA:1469,0
DA:1471,0
DA:1473,0
DA:1474,0
DA:1477,0
DA:1479,0
DA:1480,0
DA:1483,0
DA:1485,0
DA:1487,0
DA:1488,0
DA:1491,0
DA:1493,0
DA:1494,0
DA:1497,0
DA:1499,0
DA:1501,0
DA:1502,0
DA:1505,0
DA:1507,0
DA:1508,0
DA:1511,0
DA:1513,0
DA:1515,0
DA:1516,0
DA:1519,0
DA:1521,0
DA:1522,0
DA:1525,0
DA:1527,0
DA:1529,0
DA:1530,0
DA:1533,0
DA:1535,0
DA:1536,0
DA:1539,0
DA:1541,0
DA:1543,0
DA:1544,0
DA:1547,0
DA:1549,0
DA:1550,0
DA:1553,0
DA:1555,0
DA:1557,0
DA:1558,0
DA:1561,0
DA:1563,0
DA:1564,0
DA:1567,0
DA:1569,0
DA:1571,0
DA:1572,0
DA:1575,0
DA:1577,0
DA:1578,0
DA:1581,0
DA:1583,0
DA:1585,0
DA:1586,0
DA:1589,0
DA:1591,0
DA:1593,0
DA:1594,0
DA:1598,0
DA:1599,0
DA:1602,0
DA:1605,0
DA:1607,0
DA:1609,0
DA:1610,0
DA:1612,0
DA:1613,0
DA:1615,0
DA:1616,0
DA:1617,0
DA:1619,0
DA:1620,0
DA:1622,0
DA:1623,0
DA:1624,0
DA:1626,0
DA:1627,0
DA:1629,0
DA:1630,0
DA:1631,0
DA:1633,0
DA:1634,0
DA:1636,0
DA:1637,0
DA:1638,0
DA:1640,0
DA:1641,0
DA:1643,0
DA:1644,0
DA:1646,0
DA:1647,0
DA:1649,0
DA:1650,0
DA:1652,0
DA:1654,0
DA:1655,0
DA:1657,0
DA:1659,0
DA:1660,0
DA:1663,0
DA:1664,0
DA:1666,0
DA:1667,0
DA:1669,0
DA:1670,0
DA:1672,0
DA:1674,0
DA:1678,0
DA:1681,0
DA:1683,0
DA:1684,0
DA:1686,0
DA:1688,0
DA:1689,0
DA:1690,0
DA:1693,0
DA:1697,0
DA:1699,0
DA:1701,0
DA:1702,0
DA:1705,0
DA:1706,0
DA:1709,0
DA:1710,0
DA:1712,0
DA:1714,0
DA:1715,0
DA:1716,0
DA:1718,0
DA:1720,0
DA:1721,0
DA:1725,0
DA:1727,0
DA:1729,0
DA:1732,0
DA:1733,0
DA:1770,0
DA:1774,0
DA:1776,0
DA:1778,0
DA:1781,0
DA:1783,0
DA:1786,0
DA:1789,0
DA:1790,0
DA:1792,0
DA:1793,0
DA:1795,0
DA:1796,0
DA:1799,0
DA:1801,0
DA:1803,0
DA:1804,0
DA:1810,0
DA:1812,0
DA:1816,0
DA:1820,0
DA:1821,0
DA:1823,0
DA:1825,0
DA:1826,0
DA:1827,0
DA:1829,0
DA:1831,0
DA:1832,0
DA:1836,0
DA:1838,0
DA:1839,0
DA:1840,0
DA:1842,0
DA:1843,0
DA:1844,0
DA:1846,0
DA:1850,0
DA:1853,0
DA:1854,0
DA:1890,0
DA:1894,0
DA:1896,0
DA:1897,0
DA:1900,0
DA:1904,0
DA:1906,0
DA:1907,0
DA:1910,0
DA:1912,0
DA:1913,0
DA:1916,0
DA:1917,0
DA:1920,0
DA:1921,0
DA:1923,0
DA:1924,0
DA:1926,0
DA:1928,0
DA:1931,0
DA:1933,0
DA:1934,0
DA:1937,0
DA:1939,0
DA:1940,0
DA:1945,0
DA:1947,0
DA:1951,0
DA:1955,0
DA:1956,0
DA:1958,0
DA:1960,0
DA:1961,0
DA:1962,0
DA:1964,0
DA:1966,0
DA:1967,0
DA:1970,0
DA:1971,0
DA:2008,0
DA:2012,0
DA:2014,0
DA:2015,0
DA:2017,0
DA:2019,0
DA:2020,0
DA:2023,0
DA:2025,0
DA:2026,0
DA:2029,0
DA:2031,0
DA:2032,0
DA:2035,0
DA:2037,0
DA:2038,0
DA:2041,0
DA:2042,0
DA:2044,0
DA:2046,0
DA:2048,0
DA:2050,0
DA:2051,0
DA:2054,0
DA:2055,0
DA:2092,0
DA:2096,0
DA:2098,0
DA:2099,0
DA:2100,0
DA:2103,0
DA:2104,0
DA:2106,0
DA:2108,0
DA:2110,0
DA:2112,0
DA:2113,0
DA:2116,0
DA:2117,0
DA:2154,0
DA:2158,0
DA:2160,0
DA:2161,0
DA:2162,0
DA:2165,0
DA:2166,0
DA:2168,0
DA:2170,0
DA:2172,0
DA:2174,0
DA:2175,0
DA:2178,0
DA:2179,0
DA:2217,0
DA:2221,0
DA:2223,0
DA:2224,0
DA:2226,0
DA:2228,0
DA:2230,0
DA:2232,0
DA:2233,0
DA:2236,0
DA:2237,0
DA:2274,0
DA:2278,0
DA:2280,0
DA:2281,0
DA:2282,0
DA:2284,0
DA:2286,0
DA:2287,0
DA:2289,0
DA:2290,0
DA:2291,0
DA:2293,0
DA:2295,0
DA:2296,0
DA:2299,0
DA:2300,0
DA:2339,3
DA:2341,3
DA:2347,3
DA:2349,3
DA:2354,3
DA:2356,3
DA:2361,3
DA:2363,3
DA:2368,3
DA:2370,3
DA:2375,3
DA:2377,3
DA:2382,3
DA:2384,3
DA:2389,3
DA:2391,3
DA:2396,3
DA:2398,3
DA:2403,3
DA:2405,3
DA:2410,3
DA:2412,3
DA:2417,3
DA:2419,3
DA:2424,3
DA:2426,3
DA:2431,3
DA:2433,3
DA:2438,3
DA:2440,3
DA:2445,3
DA:2447,3
DA:2457,0
DA:2459,0
DA:2463,0
DA:2465,0
DA:2469,0
DA:2472,0
DA:2473,0
DA:2474,0
DA:2475,0
DA:2476,0
DA:2477,0
DA:2478,0
DA:2479,0
DA:2480,0
DA:2481,0
DA:2482,0
DA:2483,0
DA:2484,0
DA:2485,0
DA:2486,0
DA:2488,0
DA:2490,0
DA:2492,0
DA:2493,0
DA:2494,0
DA:2495,0
DA:2496,0
DA:2497,0
DA:2498,0
DA:2499,0
DA:2500,0
DA:2501,0
DA:2502,0
DA:2503,0
DA:2504,0
DA:2505,0
DA:2506,0
DA:2507,0
DA:2512,0
DA:2514,0
DA:2515,0
DA:2516,0
DA:2517,0
DA:2519,0
DA:2520,0
DA:2521,0
DA:2522,0
DA:2524,0
DA:2525,0
DA:2526,0
DA:2528,0
DA:2529,0
DA:2530,0
DA:2531,0
DA:2532,0
DA:2533,0
DA:2534,0
DA:2535,0
DA:2537,0
DA:2538,0
DA:2539,0
DA:2540,0
DA:2541,0
DA:2542,0
DA:2543,0
DA:2544,0
DA:2547,0
LF:937
LH:38
end_of_record
TN:
SF:/opt/MagAOX/source/MagAOX/apps/siglentSDG/siglentSDG_parsers.hpp
FN:21,_ZN6MagAOX3app9parseOUTPERiS1_RKNSt7__cxx1112basic_stringIcSt11char_traitsIcESaIcEEE
FN:60,_ZN6MagAOX3app9parseBSWVERiRNSt7__cxx1112basic_stringIcSt11char_traitsIcESaIcEEERdS9_S9_S9_S9_S9_S9_S9_S9_RKS7_
FN:161,_ZN6MagAOX3app9parseMDWVERiRNSt7__cxx1112basic_stringIcSt11char_traitsIcESaIcEEERKS7_
FN:195,_ZN6MagAOX3app9parseSWWVERiRNSt7__cxx1112basic_stringIcSt11char_traitsIcESaIcEEERKS7_
[...]
FNDA:0,_ZNK5Catch10BinaryExprIRKsRKiE29streamReconstructedExpressionERSo
FNDA:346,_ZN5Catch10DecomposerleItEENS_7ExprLhsIRKT_EES5_
FNDA:0,_ZN5Catch11StringMakerIA3_cvE7convertB5cxx11EPKc
FNDA:1,_ZN5Catch6Detail9stringifyImEENSt7__cxx1112basic_stringIcSt11char_traitsIcESaIcEEERKT_
FNDA:3,_ZN5Catch12compareEqualINSt7__cxx1112basic_stringIcSt11char_traitsIcESaIcEEEA13_cEEbRKT_RKT0_
FNDA:18,_ZN5Catch20ReusableStringStreamlsIA97_cEERS0_RKT_
FNDA:172,_ZN5Catch10DecomposerleEb
FNDA:0,_ZNK5Catch10BinaryExprIRKNSt7__cxx1112basic_stringIcSt11char_traitsIcESaIcEEERA28_KcE29streamReconstructedExpressionERSo
FNDA:1389,_ZN5Catch10DecomposerleIiEENS_7ExprLhsIRKT_EES5_
FNDA:13,_ZN5Catch10BinaryExprIRKNSt7__cxx1112basic_stringIcSt11char_traitsIcESaIcEEERA11_KcEC2EbS8_NS_9StringRefESB_
FNDA:291,_ZN5Catch20ReusableStringStreamlsIA32_cEERS0_RKT_
FNDA:106,_ZN5Catch20ReusableStringStreamlsIA41_cEERS0_RKT_
FNDA:12,_ZN5Catch7ExprLhsIRKNSt7__cxx1112basic_stringIcSt11char_traitsIcESaIcEEEEeqIA23_cEEKNS_10BinaryExprIS8_RKT_EESF_
FNDA:0,_ZN5Catch11StringMakerIA23_cvE7convertB5cxx11EPKc
FNDA:263,_ZN5Catch10BinaryExprIRKmRKiEC2EbS2_NS_9StringRefES4_
FNDA:0,_ZN5Catch6Detail9stringifyIA14_cEENSt7__cxx1112basic_stringIcSt11char_traitsIcESaIcEEERKT_
FNDA:1,_ZN5Catch15compareNotEqualIjRKjEEbRKT_OT0_
FNDA:12,_ZN5Catch7ExprLhsIRKNSt7__cxx1112basic_stringIcSt11char_traitsIcESaIcEEEEeqIA3_cEEKNS_10BinaryExprIS8_RKT_EESF_
FNDA:15,_ZN5Catch13makeMatchExprIdNS_8Matchers8Floating16WithinAbsMatcherEEENS_9MatchExprIT_T0_EERKS5_RKS6_RKNS_9StringRefE
FNDA:2,_ZN5Catch20ReusableStringStreamlsIA82_cEERS0_RKT_
FNDA:8,_ZN5Catch6DetailgeIdvEEbRKT_RKNS0_6ApproxE
FNDA:18,_ZN5Catch20ReusableStringStreamlsIA42_cEERS0_RKT_
FNDA:2,_ZN5Catch10BinaryExprIRKNSt7__cxx1112basic_stringIcSt11char_traitsIcESaIcEEERA16_KcEC2EbS8_NS_9StringRefESB_
FNDA:0,_ZNK5Catch10BinaryExprIRKNSt7__cxx1112basic_stringIcSt11char_traitsIcESaIcEEERA13_KcE29streamReconstructedExpressionERSo
FNDA:36,_ZN5Catch20ReusableStringStreamlsIA10_cEERS0_RKT_
FNDA:29,_ZN5Catch10BinaryExprIRKdS2_EC2EbS2_NS_9StringRefES2_
FNDA:0,_ZN5Catch6Detail9stringifyItEENSt7__cxx1112basic_stringIcSt11char_traitsIcESaIcEEERKT_
FNDA:0,_ZNK5Catch10BinaryExprIRKfRKdE29streamReconstructedExpressionERSo
FNDA:0,_ZN5Catch6Detail9stringifyINSt7__cxx1112basic_stringIcSt11char_traitsIcESaIcEEEEES7_RKT_
FNDA:55,_ZN5Catch10DecomposerleIsEENS_7ExprLhsIRKT_EES5_
FNDA:0,_ZN5Catch20ReusableStringStreamlsIN6MagAOX3app10stateCodesUt_EEERS0_RKT_
FNDA:6,_ZN5Catch20ReusableStringStreamlsIA73_cEERS0_RKT_
FNDA:31,_ZN5Catch20ReusableStringStreamlsIA50_cEERS0_RKT_
FNDA:3,_ZN5Catch7ExprLhsIRKNSt7__cxx1112basic_stringIcSt11char_traitsIcESaIcEEEEeqIA13_cEEKNS_10BinaryExprIS8_RKT_EESF_
FNDA:28,_ZN5Catch7ExprLhsIRKfEeqIiEEKNS_10BinaryExprIS2_RKT_EES8_
FNDA:3,_ZN5Catch7ExprLhsIRKjEeqIjEEKNS_10BinaryExprIS2_RKT_EES8_
FNDA:0,_ZNK5Catch10BinaryExprIRKNSt7__cxx1112basic_stringIcSt11char_traitsIcESaIcEEERA4_KcE29streamReconstructedExpressionERSo
FNDA:41,_ZN5Catch20ReusableStringStreamlsIA67_cEERS0_RKT_
FNDA:0,_ZN5Catch6Detail9stringifyIA23_cEENSt7__cxx1112basic_stringIcSt11char_traitsIcESaIcEEERKT_
FNDA:0,_ZN5Catch6Detail9stringifyIA3_cEENSt7__cxx1112basic_stringIcSt11char_traitsIcESaIcEEERKT_
FNDA:0,_ZNK5Catch10BinaryExprIRKNSt7__cxx1112basic_stringIcSt11char_traitsIcESaIcEEERA3_KcE29streamReconstructedExpressionERSo
FNDA:0,_ZN5Catch11StringMakerIA16_cvE7convertB5cxx11EPKc
FNDA:13,_ZN5Catch12compareEqualINSt7__cxx1112basic_stringIcSt11char_traitsIcESaIcEEEA11_cEEbRKT_RKT0_
FNDA:0,_ZNK5Catch10BinaryExprIRKNSt7__cxx1112basic_stringIcSt11char_traitsIcESaIcEEERA1_KcE29streamReconstructedExpressionERSo
FNDA:0,_ZN5Catch11StringMakerIA13_cvE7convertB5cxx11EPKc
FNDA:0,_ZN5Catch6Detail9stringifyIA6_cEENSt7__cxx1112basic_stringIcSt11char_traitsIcESaIcEEERKT_
FNDA:28,_ZN5Catch10BinaryExprIRKfRKiEC2EbS2_NS_9StringRefES4_
FNDA:0,_ZN5Catch11StringMakerIA8_cvE7convertB5cxx11EPKc
FNDA:5,_ZN5Catch10BinaryExprIRKNSt7__cxx1112basic_stringIcSt11char_traitsIcESaIcEEERA1_KcEC2EbS8_NS_9StringRefESB_
FNDA:0,_ZNK5Catch10BinaryExprIRKdS2_E29streamReconstructedExpressionERSo
FNDA:17,_ZN5Catch7ExprLhsIRKNSt7__cxx1112basic_stringIcSt11char_traitsIcESaIcEEEEeqIA6_cEEKNS_10BinaryExprIS8_RKT_EESF_
FNDA:0,_ZNK5Catch10BinaryExprIRKNSt7__cxx1112basic_stringIcSt11char_traitsIcESaIcEEERA8_KcE29streamReconstructedExpressionERSo
FNDA:19,_ZN5Catch12compareEqualIffEEbRKT_RKT0_
FNDA:0,_ZN5Catch11StringMakerIsvE7convertIsEENSt9enable_ifIXsrNS_6Detail18IsStreamInsertableIT_EE5valueENSt7__cxx1112basic_stringIcSt11char_traitsIcESaIcEEEE4typeERKS6_
FNDA:0,_ZN5Catch11StringMakerIA10_cvE7convertB5cxx11EPKc
FNDA:14,_ZN5Catch20ReusableStringStreamlsIA16_cEERS0_RKT_
FNDA:0,_ZN5Catch11StringMakerIA12_cvE7convertB5cxx11EPKc
FNDA:279,_ZN5Catch20ReusableStringStreamlsIA25_cEERS0_RKT_
FNDA:41,_ZN5Catch7ExprLhsIRKdEC2ES2_
FNDA:8,_ZN5Catch20ReusableStringStreamlsIA57_cEERS0_RKT_
FNDA:1,_ZN5Catch12compareEqualINSt7__cxx1112basic_stringIcSt11char_traitsIcESaIcEEEA14_cEEbRKT_RKT0_
FNDA:8,_ZN5Catch20ReusableStringStreamlsIA60_cEERS0_RKT_
FNDA:3,_ZN5Catch20ReusableStringStreamlsIA98_cEERS0_RKT_
FNDA:0,_ZNK5Catch10BinaryExprIbbE29streamReconstructedExpressionERSo
FNDA:7,_ZN5Catch20ReusableStringStreamlsIA75_cEERS0_RKT_
FNDA:17,_ZN5Catch7ExprLhsIRKdEgtIdEEKNS_10BinaryExprIS2_RKT_EES8_
FNDA:0,_ZN5Catch6Detail9stringifyIA4_cEENSt7__cxx1112basic_stringIcSt11char_traitsIcESaIcEEERKT_
FNDA:1389,_ZN5Catch7ExprLhsIRKiEC2ES2_
FNDA:3,_ZN5Catch12compareEqualINSt7__cxx1112basic_stringIcSt11char_traitsIcESaIcEEEA8_cEEbRKT_RKT0_
FNDA:12,_ZN5Catch7ExprLhsIRKNSt7__cxx1112basic_stringIcSt11char_traitsIcESaIcEEEEeqIA4_cEEKNS_10BinaryExprIS8_RKT_EESF_
FNDA:14,_ZN5Catch20ReusableStringStreamlsIA58_cEERS0_RKT_
FNDA:114,_ZN5Catch10DecomposerleINSt7__cxx1112basic_stringIcSt11char_traitsIcESaIcEEEEENS_7ExprLhsIRKT_EESB_
FNDA:7,_ZN5Catch12compareEqualINSt7__cxx1112basic_stringIcSt11char_traitsIcESaIcEEEA28_cEEbRKT_RKT0_
FNDA:40,_ZN5Catch20ReusableStringStreamlsIA46_cEERS0_RKT_
FNDA:8,_ZN5Catch10BinaryExprIRKdRKNS_6Detail6ApproxEEC2EbS2_NS_9StringRefES6_
FNDA:55,_ZN5Catch7ExprLhsIRKsEC2ES2_
FNDA:2,_ZN5Catch10BinaryExprIRKNSt7__cxx1112basic_stringIcSt11char_traitsIcESaIcEEERA10_KcEC2EbS8_NS_9StringRefESB_
FNDA:15,_ZN5Catch8Matchers4Impl18MatcherUntypedBaseC2ERKS2_
FNDA:378,_ZN5Catch20ReusableStringStreamlsIA24_cEERS0_RKT_
FNDA:1,_ZNK5Catch10BinaryExprIRKmRKiE29streamReconstructedExpressionERSo
FNDA:40,_ZN5Catch10BinaryExprIRKjRKiEC2EbS2_NS_9StringRefES4_
FNDA:22,_ZN5Catch20ReusableStringStreamlsIA63_cEERS0_RKT_
FNDA:1005,_ZN5Catch12compareEqualIiiEEbRKT_RKT0_
FNDA:0,_ZN5Catch6Detail9stringifyIA9_cEENSt7__cxx1112basic_stringIcSt11char_traitsIcESaIcEEERKT_
FNDA:0,_ZN5Catch13MessageStreamlsIA37_cEERS0_RKT_
FNDA:0,_ZNK5Catch10BinaryExprIRKNSt7__cxx1112basic_stringIcSt11char_traitsIcESaIcEEERA5_KcE29streamReconstructedExpressionERSo
FNDA:0,_ZN5Catch6Detail9stringifyIA11_cEENSt7__cxx1112basic_stringIcSt11char_traitsIcESaIcEEERKT_
FNDA:0,_ZN5Catch11StringMakerIA6_cvE7convertB5cxx11EPKc
FNDA:100,_ZN5Catch20ReusableStringStreamlsIA22_cEERS0_RKT_
FNDA:3,_ZN5Catch7ExprLhsIRKfEltIdEEKNS_10BinaryExprIS2_RKT_EES8_
FNDA:329,_ZN5Catch20ReusableStringStreamlsIA30_cEERS0_RKT_
FNDA:17,_ZN5Catch12compareEqualINSt7__cxx1112basic_stringIcSt11char_traitsIcESaIcEEEA6_cEEbRKT_RKT0_
FNDA:0,_ZN5Catch11StringMakerItvE7convertItEENSt9enable_ifIXsrNS_6Detail18IsStreamInsertableIT_EE5valueENSt7__cxx1112basic_stringIcSt11char_traitsIcESaIcEEEE4typeERKS6_
FNDA:19,_ZN5Catch7ExprLhsIRKfEeqIfEEKNS_10BinaryExprIS2_RKT_EES8_
FNDA:0,_ZN5Catch6Detail9stringifyIdEENSt7__cxx1112basic_stringIcSt11char_traitsIcESaIcEEERKT_
FNDA:4,_ZN5Catch20ReusableStringStreamlsIA69_cEERS0_RKT_
FNDA:5,_ZN5Catch7ExprLhsIRKNSt7__cxx1112basic_stringIcSt11char_traitsIcESaIcEEEEeqIA1_cEEKNS_10BinaryExprIS8_RKT_EESF_
FNDA:7,_ZN5Catch10BinaryExprIRKNSt7__cxx1112basic_stringIcSt11char_traitsIcESaIcEEERA5_KcEC2EbS8_NS_9StringRefESB_
FNDA:0,_ZN5Catch11StringMakerIA5_cvE7convertB5cxx11EPKc
FNDA:22,_ZN5Catch20ReusableStringStreamlsIA54_cEERS0_RKT_
FNDA:12,_ZN5Catch10BinaryExprIRKNSt7__cxx1112basic_stringIcSt11char_traitsIcESaIcEEERA23_KcEC2EbS8_NS_9StringRefESB_
FNDA:0,_ZN5Catch6Detail9stringifyIA12_cEENSt7__cxx1112basic_stringIcSt11char_traitsIcESaIcEEERKT_
FNDA:12,_ZN5Catch12compareEqualINSt7__cxx1112basic_stringIcSt11char_traitsIcESaIcEEEA23_cEEbRKT_RKT0_
FNDA:195,_ZN5Catch20ReusableStringStreamlsIA44_cEERS0_RKT_
FNDA:346,_ZN5Catch10BinaryExprIRKtRKiEC2EbS2_NS_9StringRefES4_
FNDA:50,_ZN5Catch10DecomposerleIfEENS_7ExprLhsIRKT_EES5_
FNDA:12,_ZN5Catch10BinaryExprIRKNSt7__cxx1112basic_stringIcSt11char_traitsIcESaIcEEERA4_KcEC2EbS8_NS_9StringRefESB_
FNDA:263,_ZN5Catch12compareEqualImiEEbRKT_RKT0_
FNDA:33,_ZN5Catch20ReusableStringStreamlsIA35_cEERS0_RKT_
FNDA:346,_ZN5Catch12compareEqualItiEEbRKT_RKT0_
FNDA:339,_ZN5Catch20ReusableStringStreamlsIA11_cEERS0_RKT_
FNDA:2489,_ZN5Catch16AssertionHandlerD2Ev
FNDA:0,_ZN5Catch11StringMakerIA9_cvE7convertB5cxx11EPKc
FNDA:8829,_ZN5Catch14SourceLineInfoC2EPKcm
FNDA:32,_ZN5Catch10BinaryExprIRKsRKN6MagAOX3app10stateCodesUt_EEC2EbS2_NS_9StringRefES8_
FNDA:13,_ZN5Catch7ExprLhsIRKNSt7__cxx1112basic_stringIcSt11char_traitsIcESaIcEEEEeqIA11_cEEKNS_10BinaryExprIS8_RKT_EESF_
FNDA:0,_ZNK5Catch10BinaryExprIRKdRKNS_6Detail6ApproxEE29streamReconstructedExpressionERSo
FNDA:7,_ZN5Catch10BinaryExprIRKNSt7__cxx1112basic_stringIcSt11char_traitsIcESaIcEEERA28_KcEC2EbS8_NS_9StringRefESB_
FNDA:57,_ZN5Catch20ReusableStringStreamlsIA37_cEERS0_RKT_
FNDA:8,_ZN5Catch20ReusableStringStreamlsIA56_cEERS0_RKT_
FNDA:1005,_ZN5Catch10BinaryExprIRKiS2_EC2EbS2_NS_9StringRefES2_
FNDA:6308,_ZN5Catch20ReusableStringStreamlsIA12_cEERS0_RKT_
FNDA:0,_ZNK5Catch10BinaryExprIRKjRKiE29streamReconstructedExpressionERSo
FNDA:263,_ZN5Catch7ExprLhsIRKmEC2ES2_
FNDA:258,_ZN5Catch20ReusableStringStreamlsIA28_cEERS0_RKT_
FNDA:20,_ZN5Catch20ReusableStringStreamlsIA62_cEERS0_RKT_
FNDA:2,_ZN5Catch12compareEqualINSt7__cxx1112basic_stringIcSt11char_traitsIcESaIcEEEA16_cEEbRKT_RKT0_
FNDA:14,_ZN5Catch20ReusableStringStreamlsIA51_cEERS0_RKT_
FNDA:172,_ZN5Catch7ExprLhsIbEC2Eb
FNDA:0,_ZNK5Catch10BinaryExprIRKNSt7__cxx1112basic_stringIcSt11char_traitsIcESaIcEEERA23_KcE29streamReconstructedExpressionERSo
FNDA:384,_ZN5Catch7ExprLhsIRKiEeqEb
FNDA:3,_ZN5Catch10BinaryExprIRKNSt7__cxx1112basic_stringIcSt11char_traitsIcESaIcEEERA13_KcEC2EbS8_NS_9StringRefESB_
FNDA:263,_ZN5Catch7ExprLhsIRKmEeqIiEEKNS_10BinaryExprIS2_RKT_EES8_
FNDA:346,_ZN5Catch7ExprLhsIRKtEC2ES2_
FNDA:0,_ZN5Catch20ReusableStringStreamlsItEERS0_RKT_
FNDA:8,_ZN5Catch7ExprLhsIRKdEeqIdEEKNS_10BinaryExprIS2_RKT_EES8_
FNDA:74,_ZN5Catch20ReusableStringStreamlsIA49_cEERS0_RKT_
FNDA:44,_ZN5Catch7ExprLhsIRKjEC2ES2_
FNDA:0,_ZN5Catch11StringMakerIA1_cvE7convertB5cxx11EPKc
FNDA:4,_ZN5Catch20ReusableStringStreamlsIA61_cEERS0_RKT_
FNDA:2,_ZN5Catch7ExprLhsIRKNSt7__cxx1112basic_stringIcSt11char_traitsIcESaIcEEEEeqIA16_cEEKNS_10BinaryExprIS8_RKT_EESF_
FNDA:0,_ZN5Catch11StringMakerIA14_cvE7convertB5cxx11EPKc
FNDA:7,_ZN5Catch7ExprLhsIRKNSt7__cxx1112basic_stringIcSt11char_traitsIcESaIcEEEEeqIA7_cEEKNS_10BinaryExprIS8_RKT_EESF_
FNDA:0,_ZN5Catch6Detail9stringifyIA28_cEENSt7__cxx1112basic_stringIcSt11char_traitsIcESaIcEEERKT_
FNDA:384,_ZN5Catch10BinaryExprIRKibEC2EbS2_NS_9StringRefEb
FNDA:2,_ZN5Catch12compareEqualINSt7__cxx1112basic_stringIcSt11char_traitsIcESaIcEEEA10_cEEbRKT_RKT0_
FNDA:2504,_Zli9_catch_srPKcm
FNDA:2,_ZN5Catch10BinaryExprIRKNSt7__cxx1112basic_stringIcSt11char_traitsIcESaIcEEERA12_KcEC2EbS8_NS_9StringRefESB_
FNDA:0,_ZN5Catch11StringMakerIA4_cvE7convertB5cxx11EPKc
FNDA:40,_ZN5Catch12compareEqualIjiEEbRKT_RKT0_
FNDA:254,_ZN5Catch20ReusableStringStreamlsIA29_cEERS0_RKT_
FNDA:59,_ZN5Catch20ReusableStringStreamlsIA36_cEERS0_RKT_
FNDA:3,_ZN5Catch10BinaryExprIRKNSt7__cxx1112basic_stringIcSt11char_traitsIcESaIcEEERA8_KcEC2EbS8_NS_9StringRefESB_
FNDA:1,_ZN5Catch6Detail9stringifyIiEENSt7__cxx1112basic_stringIcSt11char_traitsIcESaIcEEERKT_
FNDA:1005,_ZN5Catch7ExprLhsIRKiEeqIiEEKNS_10BinaryExprIS2_RKT_EES8_
FNDA:0,_ZN5Catch6Detail9stringifyINS0_6ApproxEEENSt7__cxx1112basic_stringIcSt11char_traitsIcESaIcEEERKT_
FNDA:0,_ZN5CatchplIA37_cEERKT_S4_NS_13StreamEndStopE
FNDA:22,_ZN5Catch20ReusableStringStreamlsIA6_cEERS0_RKT_
FNDA:22,_ZN5Catch20ReusableStringStreamlsIA19_cEERS0_RKT_
FNDA:0,_ZN5Catch11StringMakerIA11_cvE7convertB5cxx11EPKc
FNDA:85,_ZN5Catch20ReusableStringStreamlsIA38_cEERS0_RKT_
FNDA:786,_ZN5Catch20ReusableStringStreamlsIA26_cEERS0_RKT_
FNDA:50,_ZN5Catch7ExprLhsIRKfEC2ES2_
FNDA:0,_ZN5Catch9StringRefC2ERKNSt7__cxx1112basic_stringIcSt11char_traitsIcESaIcEEE
FNDA:172,_ZN5Catch10BinaryExprIbbEC2EbbNS_9StringRefEb
FNDA:0,_ZN5Catch6DetaileqIdvEEbRKT_RKNS0_6ApproxE
FNDA:0,_ZNK5Catch10BinaryExprIRKNSt7__cxx1112basic_stringIcSt11char_traitsIcESaIcEEERA11_KcE29streamReconstructedExpressionERSo
FNDA:79,_ZN5Catch20ReusableStringStreamlsIA23_cEERS0_RKT_
FNDA:54,_ZN5Catch20ReusableStringStreamlsIA17_cEERS0_RKT_
FNDA:23,_ZN5Catch10BinaryExprIRKsRKiEC2EbS2_NS_9StringRefES4_
FNDA:32,_ZN5Catch7ExprLhsIRKsEeqIN6MagAOX3app10stateCodesUt_EEEKNS_10BinaryExprIS2_RKT_EESC_
FNDA:0,_ZN5Catch6Detail9stringifyIA16_cEENSt7__cxx1112basic_stringIcSt11char_traitsIcESaIcEEERKT_
FNDA:84,_ZN5Catch20ReusableStringStreamlsIA40_cEERS0_RKT_
FNDA:7,_ZN5Catch7ExprLhsIRKNSt7__cxx1112basic_stringIcSt11char_traitsIcESaIcEEEEeqIA5_cEEKNS_10BinaryExprIS8_RKT_EESF_
FNDA:0,_ZN5Catch6Detail9stringifyIsEENSt7__cxx1112basic_stringIcSt11char_traitsIcESaIcEEERKT_
FNDA:2,_ZN5Catch7ExprLhsIRKNSt7__cxx1112basic_stringIcSt11char_traitsIcESaIcEEEEeqIA12_cEEKNS_10BinaryExprIS8_RKT_EESF_
FNDA:0,_ZN5Catch11StringMakerIA28_cvE7convertB5cxx11EPKc
FNDA:172,_ZN5Catch7ExprLhsIbEeqEb
FNDA:0,_ZNK5Catch10BinaryExprIRKfS2_E29streamReconstructedExpressionERSo
FNDA:23,_ZN5Catch12compareEqualIsiEEbRKT_RKT0_
FNDA:0,_ZNK5Catch10BinaryExprIRKtRKiE29streamReconstructedExpressionERSo
FNDA:0,_ZNK5Catch10BinaryExprIRKNSt7__cxx1112basic_stringIcSt11char_traitsIcESaIcEEERA10_KcE29streamReconstructedExpressionERSo
FNDA:4,_ZN5Catch7ExprLhsIRKdEeqIiEEKNS_10BinaryExprIS2_RKT_EES8_
FNDA:18,_ZN5Catch20ReusableStringStreamlsIA86_cEERS0_RKT_
FNDA:0,_ZNK5Catch10BinaryExprIRKjS2_E29streamReconstructedExpressionERSo
FNDA:0,_ZN5Catch6Detail9stringifyIN6MagAOX3app10stateCodesUt_EEENSt7__cxx1112basic_stringIcSt11char_traitsIcESaIcEEERKT_
FNDA:0,_ZNK5Catch10BinaryExprIRKNSt7__cxx1112basic_stringIcSt11char_traitsIcESaIcEEERA7_KcE29streamReconstructedExpressionERSo
FNDA:5,_ZN5Catch12compareEqualINSt7__cxx1112basic_stringIcSt11char_traitsIcESaIcEEEA1_cEEbRKT_RKT0_
FNDA:12,_ZN5Catch10BinaryExprIRKNSt7__cxx1112basic_stringIcSt11char_traitsIcESaIcEEERA3_KcEC2EbS8_NS_9StringRefESB_
FNDA:56,_ZN5Catch9StringRefC2Ev
FNDA:1,_ZN5Catch7ExprLhsIRKdEgeIdEEKNS_10BinaryExprIS2_RKT_EES8_
FNDA:27,_ZN5Catch20ReusableStringStreamlsIA15_cEERS0_RKT_
FNDA:6,_ZN5Catch20ReusableStringStreamlsIA79_cEERS0_RKT_
FNDA:0,_ZNK5Catch10BinaryExprIRKNSt7__cxx1112basic_stringIcSt11char_traitsIcESaIcEEERA6_KcE29streamReconstructedExpressionERSo
FNDA:28,_ZN5Catch12compareEqualIfiEEbRKT_RKT0_
FNDA:3,_ZN5Catch12compareEqualIjjEEbRKT_RKT0_
FNDA:44,_ZN5Catch10DecomposerleIjEENS_7ExprLhsIRKT_EES5_
FNDA:0,_ZNK5Catch9MatchExprIdNS_8Matchers8Floating16WithinAbsMatcherEE29streamReconstructedExpressionERSo
FNDA:2489,_ZN5Catch20ITransientExpressionC2Ebb
FNDA:62,_ZN5Catch20ReusableStringStreamlsIA34_cEERS0_RKT_
FNDA:247,_ZN5Catch20ReusableStringStreamlsIA27_cEERS0_RKT_
FNDA:4,_ZN5Catch10BinaryExprIRKjS2_EC2EbS2_NS_9StringRefES2_
FNDA:12,_ZN5Catch12compareEqualINSt7__cxx1112basic_stringIcSt11char_traitsIcESaIcEEEA3_cEEbRKT_RKT0_
FNDA:4,_ZN5Catch12compareEqualIdiEEbRKT_RKT0_
FNDA:8,_ZN5Catch12compareEqualIddEEbRKT_RKT0_
FNDA:2504,_ZN5Catch9StringRefC2EPKcm
FNDA:9,_ZN5Catch10BinaryExprIRKNSt7__cxx1112basic_stringIcSt11char_traitsIcESaIcEEERA9_KcEC2EbS8_NS_9StringRefESB_
FNDA:1,_ZN5Catch7ExprLhsIRKjEneIjEEKNS_10BinaryExprIS2_RKT_EES8_
FNDA:17,_ZN5Catch10BinaryExprIRKNSt7__cxx1112basic_stringIcSt11char_traitsIcESaIcEEERA6_KcEC2EbS8_NS_9StringRefESB_
FNDA:0,_ZN5Catch6Detail9stringifyIA7_cEENSt7__cxx1112basic_stringIcSt11char_traitsIcESaIcEEERKT_
FNDA:3,_ZN5Catch7ExprLhsIRKdEltIdEEKNS_10BinaryExprIS2_RKT_EES8_
FNDA:18,_ZN5Catch20ReusableStringStreamlsIA87_cEERS0_RKT_
FNDA:0,_ZNK5Catch10BinaryExprIRKsRKN6MagAOX3app10stateCodesUt_EE29streamReconstructedExpressionERSo
FNDA:235,_ZN5Catch20ReusableStringStreamlsIA31_cEERS0_RKT_
FNDA:291,_ZN5Catch20ReusableStringStreamlsIA13_cEERS0_RKT_
FNDA:0,_ZNK5Catch10BinaryExprIRKfRKiE29streamReconstructedExpressionERSo
FNDA:41,_ZN5Catch10DecomposerleIdEENS_7ExprLhsIRKT_EES5_
FNDA:0,_ZNK5Catch10BinaryExprIRKiS2_E29streamReconstructedExpressionERSo
FNDA:7,_ZN5Catch7ExprLhsIRKNSt7__cxx1112basic_stringIcSt11char_traitsIcESaIcEEEEeqIA28_cEEKNS_10BinaryExprIS8_RKT_EESF_
FNDA:382,_ZN5Catch20ReusableStringStreamlsIA18_cEERS0_RKT_
FNDA:9,_ZN5Catch12compareEqualINSt7__cxx1112basic_stringIcSt11char_traitsIcESaIcEEEA9_cEEbRKT_RKT0_
FNDA:0,_ZNK5Catch10BinaryExprIRKNSt7__cxx1112basic_stringIcSt11char_traitsIcESaIcEEERA9_KcE29streamReconstructedExpressionERSo
FNDA:2,_ZN5Catch12compareEqualINSt7__cxx1112basic_stringIcSt11char_traitsIcESaIcEEEA12_cEEbRKT_RKT0_
FNDA:263,_ZN5Catch10DecomposerleImEENS_7ExprLhsIRKT_EES5_
FNDA:105,_ZN5Catch20ReusableStringStreamlsIA39_cEERS0_RKT_
FNDA:0,_ZNK5Catch10BinaryExprIRKNSt7__cxx1112basic_stringIcSt11char_traitsIcESaIcEEERA12_KcE29streamReconstructedExpressionERSo
FNDA:0,_ZN5Catch6Detail9stringifyIjEENSt7__cxx1112basic_stringIcSt11char_traitsIcESaIcEEERKT_
FNDA:7,_ZN5Catch12compareEqualINSt7__cxx1112basic_stringIcSt11char_traitsIcESaIcEEEA7_cEEbRKT_RKT0_
FNDA:0,_ZN5Catch6Detail9stringifyIA10_cEENSt7__cxx1112basic_stringIcSt11char_traitsIcESaIcEEERKT_
FNDA:1,_ZN5Catch10BinaryExprIRKNSt7__cxx1112basic_stringIcSt11char_traitsIcESaIcEEERA14_KcEC2EbS8_NS_9StringRefESB_
FNDA:0,_ZN5Catch20ReusableStringStreamlsIsEERS0_RKT_
FNDA:0,_ZNK5Catch10BinaryExprIRKibE29streamReconstructedExpressionERSo
FNDA:4,_ZN5Catch10BinaryExprIRKdRKiEC2EbS2_NS_9StringRefES4_
FNDA:6,_ZN5Catch20ReusableStringStreamlsIA74_cEERS0_RKT_
FNDA:2,_ZN5Catch7ExprLhsIRKNSt7__cxx1112basic_stringIcSt11char_traitsIcESaIcEEEEeqIA10_cEEKNS_10BinaryExprIS8_RKT_EESF_
FNDA:7,_ZN5Catch12compareEqualINSt7__cxx1112basic_stringIcSt11char_traitsIcESaIcEEEA5_cEEbRKT_RKT0_
FNDA:18,_ZN5Catch20ReusableStringStreamlsIA14_cEERS0_RKT_
FNDA:32,_ZN5Catch12compareEqualIsN6MagAOX3app10stateCodesUt_EEEbRKT_RKT0_
FNDA:22,_ZN5Catch20ReusableStringStreamlsIA5_cEERS0_RKT_
FNDA:20,_ZN5Catch20ReusableStringStreamlsIA52_cEERS0_RKT_
FNDA:5,_ZN5Catch20ReusableStringStreamlsIA7_cEERS0_RKT_
FNDA:0,_ZN5Catch11StringMakerIN6MagAOX3app10stateCodesUt_EvE7convertIS4_EENSt9enable_ifIXsrNS_6Detail18IsStreamInsertableIT_EE5valueENSt7__cxx1112basic_stringIcSt11char_traitsIcESaIcEEEE4typeERKSA_
FNDA:1,_ZN5Catch7ExprLhsIRKNSt7__cxx1112basic_stringIcSt11char_traitsIcESaIcEEEEeqIA14_cEEKNS_10BinaryExprIS8_RKT_EESF_
FNDA:23,_ZN5Catch7ExprLhsIRKsEeqIiEEKNS_10BinaryExprIS2_RKT_EES8_
FNDA:40,_ZN5Catch7ExprLhsIRKjEeqIiEEKNS_10BinaryExprIS2_RKT_EES8_
FNF:276
FNH:194
DA:505,8829
DA:506,8829
DA:507,8829
DA:508,8829
DA:538,0
DA:539,0
DA:618,56
DA:622,2504
DA:623,2504
DA:624,2504
DA:625,2504
DA:627,0
DA:628,0
DA:629,0
DA:630,0
DA:685,2504
DA:686,2504
DA:1450,12568
DA:1451,12568
DA:1452,12568
DA:1619,0
DA:1620,0
DA:1623,0
DA:1624,0
DA:1625,0
DA:1644,2
DA:1645,2
DA:1712,0
DA:1713,0
DA:2207,2489
DA:2208,2489
DA:2209,2489
DA:2210,2489
DA:2229,1
DA:2231,1
DA:2232,1
DA:2235,2474
DA:2237,2474
DA:2238,2474
DA:2239,2474
DA:2240,2474
DA:2316,1885
DA:2327,1
DA:2341,2474
DA:2344,1885
DA:2345,1885
DA:2347,556
DA:2348,556
DA:2352,1
DA:2353,1
DA:2360,17
DA:2361,17
DA:2364,6
DA:2365,6
DA:2368,9
DA:2369,9
DA:2416,2302
DA:2417,2302
DA:2420,172
DA:2421,172
DA:2560,2489
DA:2561,2489
DA:2562,0
DA:2564,2489
DA:2619,0
DA:2620,0
DA:2621,0
DA:3109,0
DA:3110,0
DA:3111,0
DA:3140,8
DA:3141,8
DA:3246,15
DA:3775,15
DA:3776,15
DA:3777,15
DA:3778,15
DA:3779,15
DA:3780,15
DA:3782,0
DA:3783,0
DA:3784,0
DA:3785,0
DA:3786,0
DA:3788,0
DA:3789,0
DA:3797,15
DA:3798,15
LF:88
LH:61
end_of_record
